#
# There is insufficient memory for the Java Runtime Environment to continue.
# Native memory allocation (mmap) failed to map 65536 bytes for Failed to commit metaspace.
# Possible reasons:
#   The system is out of physical RAM or swap space
#   The process is running with CompressedOops enabled, and the Java Heap may be blocking the growth of the native heap
# Possible solutions:
#   Reduce memory load on the system
#   Increase physical memory or swap space
#   Check if swap backing store is full
#   Decrease Java heap size (-Xmx/-Xms)
#   Decrease number of Java threads
#   Decrease Java thread stack sizes (-Xss)
#   Set larger code cache with -XX:ReservedCodeCacheSize=
#   JVM is running with Zero Based Compressed Oops mode in which the Java heap is
#     placed in the first 32GB address space. The Java Heap base address is the
#     maximum limit for the native heap growth. Please use -XX:HeapBaseMinAddress
#     to set the Java Heap base and to place the Java Heap above 32GB virtual address.
# This output file may be truncated or incomplete.
#
#  Out of Memory Error (virtualSpaceNode.cpp:110), pid=7272, tid=16304
#
# JRE version: Java(TM) SE Runtime Environment (19.0.1+10) (build 19.0.1+10-21)
# Java VM: Java HotSpot(TM) 64-Bit Server VM (19.0.1+10-21, mixed mode, emulated-client, sharing, tiered, compressed oops, compressed class ptrs, g1 gc, windows-amd64)
# No core dump will be written. Minidumps are not enabled by default on client versions of Windows
#

---------------  S U M M A R Y ------------

Command Line: -XX:TieredStopAtLevel=1 -Dspring.profiles.active=dev -Dspring.output.ansi.enabled=always -Dcom.sun.management.jmxremote -Dspring.jmx.enabled=true -Dspring.liveBeansView.mbeanDomain -Dspring.application.admin.enabled=true -Dmanagement.endpoints.jmx.exposure.include=* -javaagent:C:\Users\Igrix\AppData\Local\Programs\IntelliJ IDEA Ultimate\lib\idea_rt.jar=20244:C:\Users\Igrix\AppData\Local\Programs\IntelliJ IDEA Ultimate\bin -Dfile.encoding=UTF-8 -Dsun.stdout.encoding=UTF-8 -Dsun.stderr.encoding=UTF-8 ru.avitoAnalytics.AvitoAnalyticsBot.AvitoAnalyticsBotApplication

Host: Intel(R) Core(TM) i5-9300H CPU @ 2.40GHz, 8 cores, 15G,  Windows 10 , 64 bit Build 19041 (10.0.19041.4717)
Time: Sun Sep  1 13:37:18 2024 RTZ 2 (s 10 , 64 bit Build 19041 (10.0.19041.4717) elapsed time: 0.381884 seconds (0d 0h 0m 0s)

---------------  T H R E A D  ---------------

Current thread (0x00000238d51ed0b0):  JavaThread "main" [_thread_in_vm, id=16304, stack(0x000000ee6ef00000,0x000000ee6f000000)]

Stack: [0x000000ee6ef00000,0x000000ee6f000000]
Native frames: (J=compiled Java code, j=interpreted, Vv=VM code, C=native code)
V  [jvm.dll+0x6ee8fa]
V  [jvm.dll+0x857a1e]
V  [jvm.dll+0x85940e]
V  [jvm.dll+0x859ac3]
V  [jvm.dll+0x28291f]
V  [jvm.dll+0x85369b]
V  [jvm.dll+0x693276]
V  [jvm.dll+0x1f29b7]
V  [jvm.dll+0x695cb2]
V  [jvm.dll+0x695a9e]
V  [jvm.dll+0x693c9e]
V  [jvm.dll+0x3c500f]
V  [jvm.dll+0x21608b]
V  [jvm.dll+0x5aa300]
V  [jvm.dll+0x22567a]
V  [jvm.dll+0x7ccb72]
V  [jvm.dll+0x7cdfba]
V  [jvm.dll+0x7ce2e8]
V  [jvm.dll+0x271d6b]
V  [jvm.dll+0x3da3de]
C  0x00000238dd15b6dd

Java frames: (J=compiled Java code, j=interpreted, Vv=VM code)
j  javax.management.MBeanInfo.arrayGettersSafe(Ljava/lang/Class;Ljava/lang/Class;)Z+30 java.management@19.0.1
j  javax.management.MBeanOperationInfo.<init>(Ljava/lang/String;Ljava/lang/String;[Ljavax/management/MBeanParameterInfo;Ljava/lang/String;ILjavax/management/Descriptor;)V+82 java.management@19.0.1
j  javax.management.openmbean.OpenMBeanOperationInfoSupport.<init>(Ljava/lang/String;Ljava/lang/String;[Ljavax/management/openmbean/OpenMBeanParameterInfo;Ljavax/management/openmbean/OpenType;ILjavax/management/Descriptor;)V+52 java.management@19.0.1
j  com.sun.jmx.mbeanserver.MXBeanIntrospector.getMBeanOperationInfo(Ljava/lang/String;Lcom/sun/jmx/mbeanserver/ConvertingMethod;)Ljavax/management/MBeanOperationInfo;+269 java.management@19.0.1
j  com.sun.jmx.mbeanserver.MXBeanIntrospector.getMBeanOperationInfo(Ljava/lang/String;Ljava/lang/Object;)Ljavax/management/MBeanOperationInfo;+6 java.management@19.0.1
j  com.sun.jmx.mbeanserver.MBeanIntrospector$MBeanInfoMaker.visitOperation(Ljava/lang/String;Ljava/lang/Object;)V+6 java.management@19.0.1
j  com.sun.jmx.mbeanserver.MBeanAnalyzer.visit(Lcom/sun/jmx/mbeanserver/MBeanAnalyzer$MBeanVisitor;)V+158 java.management@19.0.1
j  com.sun.jmx.mbeanserver.MBeanIntrospector.makeInterfaceMBeanInfo(Ljava/lang/Class;Lcom/sun/jmx/mbeanserver/MBeanAnalyzer;)Ljavax/management/MBeanInfo;+11 java.management@19.0.1
j  com.sun.jmx.mbeanserver.MBeanIntrospector.getPerInterface(Ljava/lang/Class;)Lcom/sun/jmx/mbeanserver/PerInterface;+54 java.management@19.0.1
j  com.sun.jmx.mbeanserver.MBeanSupport.<init>(Ljava/lang/Object;Ljava/lang/Class;)V+69 java.management@19.0.1
j  com.sun.jmx.mbeanserver.MXBeanSupport.<init>(Ljava/lang/Object;Ljava/lang/Class;)V+3 java.management@19.0.1
j  javax.management.StandardMBean.construct(Ljava/lang/Object;Ljava/lang/Class;ZZ)V+56 java.management@19.0.1
j  javax.management.StandardMBean.<init>(Ljava/lang/Object;Ljava/lang/Class;Z)V+9 java.management@19.0.1
j  java.lang.management.ManagementFactory.lambda$addMXBean$7(Ljava/lang/Object;Ljavax/management/MBeanServer;Ljavax/management/ObjectName;)Ljava/lang/Void;+53 java.management@19.0.1
j  java.lang.management.ManagementFactory$$Lambda$22+0x00000008010624e8.run()Ljava/lang/Object;+12 java.management@19.0.1
J 395 c1 java.security.AccessController.executePrivileged(Ljava/security/PrivilegedExceptionAction;Ljava/security/AccessControlContext;Ljava/lang/Class;)Ljava/lang/Object; java.base@19.0.1 (65 bytes) @ 0x00000238dd3eb60c [0x00000238dd3eb5c0+0x000000000000004c]
j  java.security.AccessController.doPrivileged(Ljava/security/PrivilegedExceptionAction;)Ljava/lang/Object;+9 java.base@19.0.1
j  java.lang.management.ManagementFactory.addMXBean(Ljavax/management/MBeanServer;Ljava/lang/String;Ljava/lang/Object;)V+13 java.management@19.0.1
j  java.lang.management.ManagementFactory.lambda$getPlatformMBeanServer$1(Ljava/util/Map$Entry;)V+18 java.management@19.0.1
j  java.lang.management.ManagementFactory$$Lambda$21+0x0000000801061b20.accept(Ljava/lang/Object;)V+4 java.management@19.0.1
j  java.util.stream.ForEachOps$ForEachOp$OfRef.accept(Ljava/lang/Object;)V+5 java.base@19.0.1
j  java.util.Collections$2.tryAdvance(Ljava/util/function/Consumer;)Z+29 java.base@19.0.1
j  java.util.Collections$2.forEachRemaining(Ljava/util/function/Consumer;)V+2 java.base@19.0.1
j  java.util.stream.ReferencePipeline$Head.forEach(Ljava/util/function/Consumer;)V+12 java.base@19.0.1
j  java.util.stream.ReferencePipeline$7$1.accept(Ljava/lang/Object;)V+41 java.base@19.0.1
j  java.util.stream.ReferencePipeline$2$1.accept(Ljava/lang/Object;)V+21 java.base@19.0.1
j  java.util.HashMap$ValueSpliterator.forEachRemaining(Ljava/util/function/Consumer;)V+145 java.base@19.0.1
j  java.util.stream.AbstractPipeline.copyInto(Ljava/util/stream/Sink;Ljava/util/Spliterator;)V+32 java.base@19.0.1
j  java.util.stream.AbstractPipeline.wrapAndCopyInto(Ljava/util/stream/Sink;Ljava/util/Spliterator;)Ljava/util/stream/Sink;+13 java.base@19.0.1
j  java.util.stream.ForEachOps$ForEachOp.evaluateSequential(Ljava/util/stream/PipelineHelper;Ljava/util/Spliterator;)Ljava/lang/Void;+3 java.base@19.0.1
j  java.util.stream.ForEachOps$ForEachOp$OfRef.evaluateSequential(Ljava/util/stream/PipelineHelper;Ljava/util/Spliterator;)Ljava/lang/Object;+3 java.base@19.0.1
j  java.util.stream.AbstractPipeline.evaluate(Ljava/util/stream/TerminalOp;)Ljava/lang/Object;+88 java.base@19.0.1
j  java.util.stream.ReferencePipeline.forEach(Ljava/util/function/Consumer;)V+6 java.base@19.0.1
j  java.lang.management.ManagementFactory.getPlatformMBeanServer()Ljavax/management/MBeanServer;+68 java.management@19.0.1
j  sun.management.jmxremote.ConnectorBootstrap.startLocalConnectorServer()Ljavax/management/remote/JMXConnectorServer;+88 jdk.management.agent@19.0.1
j  jdk.internal.agent.Agent.startLocalManagementAgent()V+13 jdk.management.agent@19.0.1
j  jdk.internal.agent.Agent.startAgent(Ljava/util/Properties;)V+58 jdk.management.agent@19.0.1
j  jdk.internal.agent.Agent.startAgent()V+20 jdk.management.agent@19.0.1
v  ~StubRoutines::call_stub 0x00000238dd13100e

Compiled method (c1)     403  395       1       java.security.AccessController::executePrivileged (65 bytes)
 total in heap  [0x00000238dd3eb410,0x00000238dd3eb730] = 800
 relocation     [0x00000238dd3eb570,0x00000238dd3eb5b0] = 64
 main code      [0x00000238dd3eb5c0,0x00000238dd3eb660] = 160
 stub code      [0x00000238dd3eb660,0x00000238dd3eb6b8] = 88
 metadata       [0x00000238dd3eb6b8,0x00000238dd3eb6c0] = 8
 scopes data    [0x00000238dd3eb6c0,0x00000238dd3eb6e8] = 40
 scopes pcs     [0x00000238dd3eb6e8,0x00000238dd3eb728] = 64
 dependencies   [0x00000238dd3eb728,0x00000238dd3eb730] = 8

[Constant Pool (empty)]

[MachCode]
[Verified Entry Point]
  # {method} {0x0000000800063418} 'executePrivileged' '(Ljava/security/PrivilegedExceptionAction;Ljava/security/AccessControlContext;Ljava/lang/Class;)Ljava/lang/Object;' in 'java/security/AccessController'
  # parm0:    rdx:rdx   = 'java/security/PrivilegedExceptionAction'
  # parm1:    r8:r8     = 'java/security/AccessControlContext'
  # parm2:    r9:r9     = 'java/lang/Class'
  #           [sp+0x50]  (sp of caller)
  0x00000238dd3eb5c0: 8984 2400 | 90ff ff55 | 4883 ec40 | 4c89 4424 | 304c 894c | 2428 4983 | f800 0f84 | 1900 0000 
  0x00000238dd3eb5e0: 4889 5424 | 2049 8bd0 | 0f1f 8000 

  0x00000238dd3eb5ec: ;   {static_call}
  0x00000238dd3eb5ec: 0000 00e8 

  0x00000238dd3eb5f0: ; ImmutableOopMap {[32]=Oop [40]=Oop [48]=Oop }
                      ;*invokestatic ensureMaterializedForStackWalk {reexecute=0 rethrow=0 return_oop=0}
                      ; - java.security.AccessController::executePrivileged@5 (line 803)
  0x00000238dd3eb5f0: 8c6a daff | 488b 5424 | 200f 1f40 | 0048 b8ff | ffff ffff 

  0x00000238dd3eb604: ;   {virtual_call}
  0x00000238dd3eb604: ffff ffe8 

  0x00000238dd3eb608: ; ImmutableOopMap {[40]=Oop [48]=Oop }
                      ;*invokeinterface run {reexecute=0 rethrow=0 return_oop=0}
                      ; - java.security.AccessController::executePrivileged@29 (line 807)
  0x00000238dd3eb608: 143e daff | 4883 c440 

  0x00000238dd3eb610: ;   {poll_return}
  0x00000238dd3eb610: 5d49 3ba7 | 7803 0000 | 0f87 0100 

  0x00000238dd3eb61c: ;   {internal_word}
  0x00000238dd3eb61c: 0000 c349 | ba11 b63e | dd38 0200 | 004d 8997 | 9003 0000 

  0x00000238dd3eb630: ;   {runtime_call SafepointBlob}
  0x00000238dd3eb630: e9cb c7da | ff49 8b87 | 2004 0000 | 49c7 8720 | 0400 0000 | 0000 0049 | c787 2804 | 0000 0000 
  0x00000238dd3eb650: 0000 4883 

  0x00000238dd3eb654: ;   {runtime_call unwind_exception Runtime1 stub}
  0x00000238dd3eb654: c440 5de9 | a4b7 e4ff | f4f4 f4f4 
[Stub Code]
  0x00000238dd3eb660: ;   {no_reloc}
  0x00000238dd3eb660: 0f1f 4400 

  0x00000238dd3eb664: ;   {static_stub}
  0x00000238dd3eb664: 0048 bb00 | 0000 0000 

  0x00000238dd3eb66c: ;   {runtime_call}
  0x00000238dd3eb66c: 0000 00e9 | fbff ffff 

  0x00000238dd3eb674: ;   {static_stub}
  0x00000238dd3eb674: 9048 bb00 | 0000 0000 

  0x00000238dd3eb67c: ;   {runtime_call}
  0x00000238dd3eb67c: 0000 00e9 | fbff ffff 
[Exception Handler]
  0x00000238dd3eb684: ;   {runtime_call handle_exception_from_callee Runtime1 stub}
  0x00000238dd3eb684: e877 ede4 

  0x00000238dd3eb688: ;   {external_word}
  0x00000238dd3eb688: ff48 b938 | 498c 76ff | 7f00 0048 

  0x00000238dd3eb694: ;   {runtime_call}
  0x00000238dd3eb694: 83e4 f049 | ba00 fe57 | 76ff 7f00 | 0041 ffd2 

  0x00000238dd3eb6a4: ;   {section_word}
  0x00000238dd3eb6a4: f449 baa5 | b63e dd38 | 0200 0041 

  0x00000238dd3eb6b0: ;   {runtime_call DeoptimizationBlob}
  0x00000238dd3eb6b0: 52e9 eab9 | daff f4f4 
[/MachCode]


---------------  P R O C E S S  ---------------

Threads class SMR info:
_java_thread_list=0x00000238f0e5df40, length=15, elements={
0x00000238d51ed0b0, 0x00000238ec2c6df0, 0x00000238ec2c79e0, 0x00000238ec2c93e0,
0x00000238ec2cbfe0, 0x00000238ec2cd920, 0x00000238ec2ceba0, 0x00000238ec2cf4d0,
0x00000238ec2e07c0, 0x00000238ec297450, 0x00000238f0646f00, 0x00000238f064b490,
0x00000238f0e40380, 0x00000238f0e5fe90, 0x00000238f0e603d0
}

Java Threads: ( => current thread )
=>0x00000238d51ed0b0 JavaThread "main" [_thread_in_vm, id=16304, stack(0x000000ee6ef00000,0x000000ee6f000000)]
  0x00000238ec2c6df0 JavaThread "Reference Handler" daemon [_thread_blocked, id=17256, stack(0x000000ee6f600000,0x000000ee6f700000)]
  0x00000238ec2c79e0 JavaThread "Finalizer" daemon [_thread_blocked, id=14724, stack(0x000000ee6f700000,0x000000ee6f800000)]
  0x00000238ec2c93e0 JavaThread "Signal Dispatcher" daemon [_thread_blocked, id=12744, stack(0x000000ee6f800000,0x000000ee6f900000)]
  0x00000238ec2cbfe0 JavaThread "Attach Listener" daemon [_thread_blocked, id=6736, stack(0x000000ee6f900000,0x000000ee6fa00000)]
  0x00000238ec2cd920 JavaThread "Service Thread" daemon [_thread_blocked, id=20296, stack(0x000000ee6fa00000,0x000000ee6fb00000)]
  0x00000238ec2ceba0 JavaThread "Monitor Deflation Thread" daemon [_thread_blocked, id=2876, stack(0x000000ee6fb00000,0x000000ee6fc00000)]
  0x00000238ec2cf4d0 JavaThread "C1 CompilerThread0" daemon [_thread_blocked, id=3452, stack(0x000000ee6fc00000,0x000000ee6fd00000)]
  0x00000238ec2e07c0 JavaThread "Sweeper thread" daemon [_thread_blocked, id=14780, stack(0x000000ee6fd00000,0x000000ee6fe00000)]
  0x00000238ec297450 JavaThread "Common-Cleaner" daemon [_thread_blocked, id=16072, stack(0x000000ee6fe00000,0x000000ee6ff00000)]
  0x00000238f0646f00 JavaThread "C1 CompilerThread1" daemon [_thread_blocked, id=8176, stack(0x000000ee6ff00000,0x000000ee70000000)]
  0x00000238f064b490 JavaThread "C1 CompilerThread2" daemon [_thread_blocked, id=5872, stack(0x000000ee70000000,0x000000ee70100000)]
  0x00000238f0e40380 JavaThread "C1 CompilerThread3" daemon [_thread_blocked, id=19056, stack(0x000000ee70100000,0x000000ee70200000)]
  0x00000238f0e5fe90 JavaThread "Monitor Ctrl-Break" daemon [_thread_in_native, id=15428, stack(0x000000ee70200000,0x000000ee70300000)]
  0x00000238f0e603d0 JavaThread "Notification Thread" daemon [_thread_blocked, id=4152, stack(0x000000ee70300000,0x000000ee70400000)]

Other Threads:
  0x00000238ec2a72a0 VMThread "VM Thread" [stack: 0x000000ee6f500000,0x000000ee6f600000] [id=12320]
  0x00000238d525c340 WorkerThread "GC Thread#0" [stack: 0x000000ee6f000000,0x000000ee6f100000] [id=3588]
  0x00000238d526dff0 ConcurrentGCThread "G1 Main Marker" [stack: 0x000000ee6f100000,0x000000ee6f200000] [id=16000]
  0x00000238d526efd0 WorkerThread "G1 Conc#0" [stack: 0x000000ee6f200000,0x000000ee6f300000] [id=15616]
  0x00000238ec161d60 ConcurrentGCThread "G1 Refine#0" [stack: 0x000000ee6f300000,0x000000ee6f400000] [id=10096]
  0x00000238ec162550 ConcurrentGCThread "G1 Service" [stack: 0x000000ee6f400000,0x000000ee6f500000] [id=14808]

Threads with active compile tasks:

VM state: not at safepoint (normal execution)

VM Mutex/Monitor currently owned by a thread:  ([mutex/lock_event])
[0x00000238d51e6a60] Metaspace_lock - owner thread: 0x00000238d51ed0b0

Heap address: 0x0000000702600000, size: 4058 MB, Compressed Oops mode: Zero based, Oop shift amount: 3

CDS archive(s) mapped at: [0x0000000800000000-0x0000000800c40000-0x0000000800c40000), size 12845056, SharedBaseAddress: 0x0000000800000000, ArchiveRelocationMode: 0.
Compressed class space mapped at: 0x0000000801000000-0x0000000841000000, reserved size: 1073741824
Narrow klass base: 0x0000000800000000, Narrow klass shift: 0, Narrow klass range: 0x100000000

GC Precious Log:
 CardTable entry size: 512
 Card Set container configuration: InlinePtr #cards 4 size 8 Array Of Cards #cards 16 size 48 Howl #buckets 8 coarsen threshold 3686 Howl Bitmap #cards 512 size 80 coarsen threshold 460 Card regions per heap region 1 cards per card region 4096
 CPUs: 8 total, 8 available
 Memory: 16225M
 Large Page Support: Disabled
 NUMA Support: Disabled
 Compressed Oops: Enabled (Zero based)
 Heap Region Size: 2M
 Heap Min Capacity: 8M
 Heap Initial Capacity: 254M
 Heap Max Capacity: 4058M
 Pre-touch: Disabled
 Parallel Workers: 8
 Concurrent Workers: 2
 Concurrent Refinement Workers: 8
 Periodic GC: Disabled

Heap:
 garbage-first heap   total 260096K, used 14336K [0x0000000702600000, 0x0000000800000000)
  region size 2048K, 9 young (18432K), 0 survivors (0K)
 Metaspace       used 2486K, committed 2624K, reserved 1114112K
  class space    used 278K, committed 320K, reserved 1048576K

Heap Regions: E=young(eden), S=young(survivor), O=old, HS=humongous(starts), HC=humongous(continues), CS=collection set, F=free, OA=open archive, CA=closed archive, TAMS=top-at-mark-start (previous, next)
|   0|0x0000000702600000, 0x0000000702600000, 0x0000000702800000|  0%| F|  |TAMS 0x0000000702600000, 0x0000000702600000| Untracked 
|   1|0x0000000702800000, 0x0000000702800000, 0x0000000702a00000|  0%| F|  |TAMS 0x0000000702800000, 0x0000000702800000| Untracked 
|   2|0x0000000702a00000, 0x0000000702a00000, 0x0000000702c00000|  0%| F|  |TAMS 0x0000000702a00000, 0x0000000702a00000| Untracked 
|   3|0x0000000702c00000, 0x0000000702c00000, 0x0000000702e00000|  0%| F|  |TAMS 0x0000000702c00000, 0x0000000702c00000| Untracked 
|   4|0x0000000702e00000, 0x0000000702e00000, 0x0000000703000000|  0%| F|  |TAMS 0x0000000702e00000, 0x0000000702e00000| Untracked 
|   5|0x0000000703000000, 0x0000000703000000, 0x0000000703200000|  0%| F|  |TAMS 0x0000000703000000, 0x0000000703000000| Untracked 
|   6|0x0000000703200000, 0x0000000703200000, 0x0000000703400000|  0%| F|  |TAMS 0x0000000703200000, 0x0000000703200000| Untracked 
|   7|0x0000000703400000, 0x0000000703400000, 0x0000000703600000|  0%| F|  |TAMS 0x0000000703400000, 0x0000000703400000| Untracked 
|   8|0x0000000703600000, 0x0000000703600000, 0x0000000703800000|  0%| F|  |TAMS 0x0000000703600000, 0x0000000703600000| Untracked 
|   9|0x0000000703800000, 0x0000000703800000, 0x0000000703a00000|  0%| F|  |TAMS 0x0000000703800000, 0x0000000703800000| Untracked 
|  10|0x0000000703a00000, 0x0000000703a00000, 0x0000000703c00000|  0%| F|  |TAMS 0x0000000703a00000, 0x0000000703a00000| Untracked 
|  11|0x0000000703c00000, 0x0000000703c00000, 0x0000000703e00000|  0%| F|  |TAMS 0x0000000703c00000, 0x0000000703c00000| Untracked 
|  12|0x0000000703e00000, 0x0000000703e00000, 0x0000000704000000|  0%| F|  |TAMS 0x0000000703e00000, 0x0000000703e00000| Untracked 
|  13|0x0000000704000000, 0x0000000704000000, 0x0000000704200000|  0%| F|  |TAMS 0x0000000704000000, 0x0000000704000000| Untracked 
|  14|0x0000000704200000, 0x0000000704200000, 0x0000000704400000|  0%| F|  |TAMS 0x0000000704200000, 0x0000000704200000| Untracked 
|  15|0x0000000704400000, 0x0000000704400000, 0x0000000704600000|  0%| F|  |TAMS 0x0000000704400000, 0x0000000704400000| Untracked 
|  16|0x0000000704600000, 0x0000000704600000, 0x0000000704800000|  0%| F|  |TAMS 0x0000000704600000, 0x0000000704600000| Untracked 
|  17|0x0000000704800000, 0x0000000704800000, 0x0000000704a00000|  0%| F|  |TAMS 0x0000000704800000, 0x0000000704800000| Untracked 
|  18|0x0000000704a00000, 0x0000000704a00000, 0x0000000704c00000|  0%| F|  |TAMS 0x0000000704a00000, 0x0000000704a00000| Untracked 
|  19|0x0000000704c00000, 0x0000000704c00000, 0x0000000704e00000|  0%| F|  |TAMS 0x0000000704c00000, 0x0000000704c00000| Untracked 
|  20|0x0000000704e00000, 0x0000000704e00000, 0x0000000705000000|  0%| F|  |TAMS 0x0000000704e00000, 0x0000000704e00000| Untracked 
|  21|0x0000000705000000, 0x0000000705000000, 0x0000000705200000|  0%| F|  |TAMS 0x0000000705000000, 0x0000000705000000| Untracked 
|  22|0x0000000705200000, 0x0000000705200000, 0x0000000705400000|  0%| F|  |TAMS 0x0000000705200000, 0x0000000705200000| Untracked 
|  23|0x0000000705400000, 0x0000000705400000, 0x0000000705600000|  0%| F|  |TAMS 0x0000000705400000, 0x0000000705400000| Untracked 
|  24|0x0000000705600000, 0x0000000705600000, 0x0000000705800000|  0%| F|  |TAMS 0x0000000705600000, 0x0000000705600000| Untracked 
|  25|0x0000000705800000, 0x0000000705800000, 0x0000000705a00000|  0%| F|  |TAMS 0x0000000705800000, 0x0000000705800000| Untracked 
|  26|0x0000000705a00000, 0x0000000705a00000, 0x0000000705c00000|  0%| F|  |TAMS 0x0000000705a00000, 0x0000000705a00000| Untracked 
|  27|0x0000000705c00000, 0x0000000705c00000, 0x0000000705e00000|  0%| F|  |TAMS 0x0000000705c00000, 0x0000000705c00000| Untracked 
|  28|0x0000000705e00000, 0x0000000705e00000, 0x0000000706000000|  0%| F|  |TAMS 0x0000000705e00000, 0x0000000705e00000| Untracked 
|  29|0x0000000706000000, 0x0000000706000000, 0x0000000706200000|  0%| F|  |TAMS 0x0000000706000000, 0x0000000706000000| Untracked 
|  30|0x0000000706200000, 0x0000000706200000, 0x0000000706400000|  0%| F|  |TAMS 0x0000000706200000, 0x0000000706200000| Untracked 
|  31|0x0000000706400000, 0x0000000706400000, 0x0000000706600000|  0%| F|  |TAMS 0x0000000706400000, 0x0000000706400000| Untracked 
|  32|0x0000000706600000, 0x0000000706600000, 0x0000000706800000|  0%| F|  |TAMS 0x0000000706600000, 0x0000000706600000| Untracked 
|  33|0x0000000706800000, 0x0000000706800000, 0x0000000706a00000|  0%| F|  |TAMS 0x0000000706800000, 0x0000000706800000| Untracked 
|  34|0x0000000706a00000, 0x0000000706a00000, 0x0000000706c00000|  0%| F|  |TAMS 0x0000000706a00000, 0x0000000706a00000| Untracked 
|  35|0x0000000706c00000, 0x0000000706c00000, 0x0000000706e00000|  0%| F|  |TAMS 0x0000000706c00000, 0x0000000706c00000| Untracked 
|  36|0x0000000706e00000, 0x0000000706e00000, 0x0000000707000000|  0%| F|  |TAMS 0x0000000706e00000, 0x0000000706e00000| Untracked 
|  37|0x0000000707000000, 0x0000000707000000, 0x0000000707200000|  0%| F|  |TAMS 0x0000000707000000, 0x0000000707000000| Untracked 
|  38|0x0000000707200000, 0x0000000707200000, 0x0000000707400000|  0%| F|  |TAMS 0x0000000707200000, 0x0000000707200000| Untracked 
|  39|0x0000000707400000, 0x0000000707400000, 0x0000000707600000|  0%| F|  |TAMS 0x0000000707400000, 0x0000000707400000| Untracked 
|  40|0x0000000707600000, 0x0000000707600000, 0x0000000707800000|  0%| F|  |TAMS 0x0000000707600000, 0x0000000707600000| Untracked 
|  41|0x0000000707800000, 0x0000000707800000, 0x0000000707a00000|  0%| F|  |TAMS 0x0000000707800000, 0x0000000707800000| Untracked 
|  42|0x0000000707a00000, 0x0000000707a00000, 0x0000000707c00000|  0%| F|  |TAMS 0x0000000707a00000, 0x0000000707a00000| Untracked 
|  43|0x0000000707c00000, 0x0000000707c00000, 0x0000000707e00000|  0%| F|  |TAMS 0x0000000707c00000, 0x0000000707c00000| Untracked 
|  44|0x0000000707e00000, 0x0000000707e00000, 0x0000000708000000|  0%| F|  |TAMS 0x0000000707e00000, 0x0000000707e00000| Untracked 
|  45|0x0000000708000000, 0x0000000708000000, 0x0000000708200000|  0%| F|  |TAMS 0x0000000708000000, 0x0000000708000000| Untracked 
|  46|0x0000000708200000, 0x0000000708200000, 0x0000000708400000|  0%| F|  |TAMS 0x0000000708200000, 0x0000000708200000| Untracked 
|  47|0x0000000708400000, 0x0000000708400000, 0x0000000708600000|  0%| F|  |TAMS 0x0000000708400000, 0x0000000708400000| Untracked 
|  48|0x0000000708600000, 0x0000000708600000, 0x0000000708800000|  0%| F|  |TAMS 0x0000000708600000, 0x0000000708600000| Untracked 
|  49|0x0000000708800000, 0x0000000708800000, 0x0000000708a00000|  0%| F|  |TAMS 0x0000000708800000, 0x0000000708800000| Untracked 
|  50|0x0000000708a00000, 0x0000000708a00000, 0x0000000708c00000|  0%| F|  |TAMS 0x0000000708a00000, 0x0000000708a00000| Untracked 
|  51|0x0000000708c00000, 0x0000000708c00000, 0x0000000708e00000|  0%| F|  |TAMS 0x0000000708c00000, 0x0000000708c00000| Untracked 
|  52|0x0000000708e00000, 0x0000000708e00000, 0x0000000709000000|  0%| F|  |TAMS 0x0000000708e00000, 0x0000000708e00000| Untracked 
|  53|0x0000000709000000, 0x0000000709000000, 0x0000000709200000|  0%| F|  |TAMS 0x0000000709000000, 0x0000000709000000| Untracked 
|  54|0x0000000709200000, 0x0000000709200000, 0x0000000709400000|  0%| F|  |TAMS 0x0000000709200000, 0x0000000709200000| Untracked 
|  55|0x0000000709400000, 0x0000000709400000, 0x0000000709600000|  0%| F|  |TAMS 0x0000000709400000, 0x0000000709400000| Untracked 
|  56|0x0000000709600000, 0x0000000709600000, 0x0000000709800000|  0%| F|  |TAMS 0x0000000709600000, 0x0000000709600000| Untracked 
|  57|0x0000000709800000, 0x0000000709800000, 0x0000000709a00000|  0%| F|  |TAMS 0x0000000709800000, 0x0000000709800000| Untracked 
|  58|0x0000000709a00000, 0x0000000709a00000, 0x0000000709c00000|  0%| F|  |TAMS 0x0000000709a00000, 0x0000000709a00000| Untracked 
|  59|0x0000000709c00000, 0x0000000709c00000, 0x0000000709e00000|  0%| F|  |TAMS 0x0000000709c00000, 0x0000000709c00000| Untracked 
|  60|0x0000000709e00000, 0x0000000709e00000, 0x000000070a000000|  0%| F|  |TAMS 0x0000000709e00000, 0x0000000709e00000| Untracked 
|  61|0x000000070a000000, 0x000000070a000000, 0x000000070a200000|  0%| F|  |TAMS 0x000000070a000000, 0x000000070a000000| Untracked 
|  62|0x000000070a200000, 0x000000070a200000, 0x000000070a400000|  0%| F|  |TAMS 0x000000070a200000, 0x000000070a200000| Untracked 
|  63|0x000000070a400000, 0x000000070a400000, 0x000000070a600000|  0%| F|  |TAMS 0x000000070a400000, 0x000000070a400000| Untracked 
|  64|0x000000070a600000, 0x000000070a600000, 0x000000070a800000|  0%| F|  |TAMS 0x000000070a600000, 0x000000070a600000| Untracked 
|  65|0x000000070a800000, 0x000000070a800000, 0x000000070aa00000|  0%| F|  |TAMS 0x000000070a800000, 0x000000070a800000| Untracked 
|  66|0x000000070aa00000, 0x000000070aa00000, 0x000000070ac00000|  0%| F|  |TAMS 0x000000070aa00000, 0x000000070aa00000| Untracked 
|  67|0x000000070ac00000, 0x000000070ac00000, 0x000000070ae00000|  0%| F|  |TAMS 0x000000070ac00000, 0x000000070ac00000| Untracked 
|  68|0x000000070ae00000, 0x000000070ae00000, 0x000000070b000000|  0%| F|  |TAMS 0x000000070ae00000, 0x000000070ae00000| Untracked 
|  69|0x000000070b000000, 0x000000070b000000, 0x000000070b200000|  0%| F|  |TAMS 0x000000070b000000, 0x000000070b000000| Untracked 
|  70|0x000000070b200000, 0x000000070b200000, 0x000000070b400000|  0%| F|  |TAMS 0x000000070b200000, 0x000000070b200000| Untracked 
|  71|0x000000070b400000, 0x000000070b400000, 0x000000070b600000|  0%| F|  |TAMS 0x000000070b400000, 0x000000070b400000| Untracked 
|  72|0x000000070b600000, 0x000000070b600000, 0x000000070b800000|  0%| F|  |TAMS 0x000000070b600000, 0x000000070b600000| Untracked 
|  73|0x000000070b800000, 0x000000070b800000, 0x000000070ba00000|  0%| F|  |TAMS 0x000000070b800000, 0x000000070b800000| Untracked 
|  74|0x000000070ba00000, 0x000000070ba00000, 0x000000070bc00000|  0%| F|  |TAMS 0x000000070ba00000, 0x000000070ba00000| Untracked 
|  75|0x000000070bc00000, 0x000000070bc00000, 0x000000070be00000|  0%| F|  |TAMS 0x000000070bc00000, 0x000000070bc00000| Untracked 
|  76|0x000000070be00000, 0x000000070be00000, 0x000000070c000000|  0%| F|  |TAMS 0x000000070be00000, 0x000000070be00000| Untracked 
|  77|0x000000070c000000, 0x000000070c000000, 0x000000070c200000|  0%| F|  |TAMS 0x000000070c000000, 0x000000070c000000| Untracked 
|  78|0x000000070c200000, 0x000000070c200000, 0x000000070c400000|  0%| F|  |TAMS 0x000000070c200000, 0x000000070c200000| Untracked 
|  79|0x000000070c400000, 0x000000070c400000, 0x000000070c600000|  0%| F|  |TAMS 0x000000070c400000, 0x000000070c400000| Untracked 
|  80|0x000000070c600000, 0x000000070c600000, 0x000000070c800000|  0%| F|  |TAMS 0x000000070c600000, 0x000000070c600000| Untracked 
|  81|0x000000070c800000, 0x000000070c800000, 0x000000070ca00000|  0%| F|  |TAMS 0x000000070c800000, 0x000000070c800000| Untracked 
|  82|0x000000070ca00000, 0x000000070ca00000, 0x000000070cc00000|  0%| F|  |TAMS 0x000000070ca00000, 0x000000070ca00000| Untracked 
|  83|0x000000070cc00000, 0x000000070cc00000, 0x000000070ce00000|  0%| F|  |TAMS 0x000000070cc00000, 0x000000070cc00000| Untracked 
|  84|0x000000070ce00000, 0x000000070ce00000, 0x000000070d000000|  0%| F|  |TAMS 0x000000070ce00000, 0x000000070ce00000| Untracked 
|  85|0x000000070d000000, 0x000000070d000000, 0x000000070d200000|  0%| F|  |TAMS 0x000000070d000000, 0x000000070d000000| Untracked 
|  86|0x000000070d200000, 0x000000070d200000, 0x000000070d400000|  0%| F|  |TAMS 0x000000070d200000, 0x000000070d200000| Untracked 
|  87|0x000000070d400000, 0x000000070d400000, 0x000000070d600000|  0%| F|  |TAMS 0x000000070d400000, 0x000000070d400000| Untracked 
|  88|0x000000070d600000, 0x000000070d600000, 0x000000070d800000|  0%| F|  |TAMS 0x000000070d600000, 0x000000070d600000| Untracked 
|  89|0x000000070d800000, 0x000000070d800000, 0x000000070da00000|  0%| F|  |TAMS 0x000000070d800000, 0x000000070d800000| Untracked 
|  90|0x000000070da00000, 0x000000070da00000, 0x000000070dc00000|  0%| F|  |TAMS 0x000000070da00000, 0x000000070da00000| Untracked 
|  91|0x000000070dc00000, 0x000000070dc00000, 0x000000070de00000|  0%| F|  |TAMS 0x000000070dc00000, 0x000000070dc00000| Untracked 
|  92|0x000000070de00000, 0x000000070de00000, 0x000000070e000000|  0%| F|  |TAMS 0x000000070de00000, 0x000000070de00000| Untracked 
|  93|0x000000070e000000, 0x000000070e000000, 0x000000070e200000|  0%| F|  |TAMS 0x000000070e000000, 0x000000070e000000| Untracked 
|  94|0x000000070e200000, 0x000000070e200000, 0x000000070e400000|  0%| F|  |TAMS 0x000000070e200000, 0x000000070e200000| Untracked 
|  95|0x000000070e400000, 0x000000070e400000, 0x000000070e600000|  0%| F|  |TAMS 0x000000070e400000, 0x000000070e400000| Untracked 
|  96|0x000000070e600000, 0x000000070e600000, 0x000000070e800000|  0%| F|  |TAMS 0x000000070e600000, 0x000000070e600000| Untracked 
|  97|0x000000070e800000, 0x000000070e800000, 0x000000070ea00000|  0%| F|  |TAMS 0x000000070e800000, 0x000000070e800000| Untracked 
|  98|0x000000070ea00000, 0x000000070ea00000, 0x000000070ec00000|  0%| F|  |TAMS 0x000000070ea00000, 0x000000070ea00000| Untracked 
|  99|0x000000070ec00000, 0x000000070ec00000, 0x000000070ee00000|  0%| F|  |TAMS 0x000000070ec00000, 0x000000070ec00000| Untracked 
| 100|0x000000070ee00000, 0x000000070ee00000, 0x000000070f000000|  0%| F|  |TAMS 0x000000070ee00000, 0x000000070ee00000| Untracked 
| 101|0x000000070f000000, 0x000000070f000000, 0x000000070f200000|  0%| F|  |TAMS 0x000000070f000000, 0x000000070f000000| Untracked 
| 102|0x000000070f200000, 0x000000070f200000, 0x000000070f400000|  0%| F|  |TAMS 0x000000070f200000, 0x000000070f200000| Untracked 
| 103|0x000000070f400000, 0x000000070f400000, 0x000000070f600000|  0%| F|  |TAMS 0x000000070f400000, 0x000000070f400000| Untracked 
| 104|0x000000070f600000, 0x000000070f600000, 0x000000070f800000|  0%| F|  |TAMS 0x000000070f600000, 0x000000070f600000| Untracked 
| 105|0x000000070f800000, 0x000000070f800000, 0x000000070fa00000|  0%| F|  |TAMS 0x000000070f800000, 0x000000070f800000| Untracked 
| 106|0x000000070fa00000, 0x000000070fa00000, 0x000000070fc00000|  0%| F|  |TAMS 0x000000070fa00000, 0x000000070fa00000| Untracked 
| 107|0x000000070fc00000, 0x000000070fc00000, 0x000000070fe00000|  0%| F|  |TAMS 0x000000070fc00000, 0x000000070fc00000| Untracked 
| 108|0x000000070fe00000, 0x000000070fe00000, 0x0000000710000000|  0%| F|  |TAMS 0x000000070fe00000, 0x000000070fe00000| Untracked 
| 109|0x0000000710000000, 0x0000000710000000, 0x0000000710200000|  0%| F|  |TAMS 0x0000000710000000, 0x0000000710000000| Untracked 
| 110|0x0000000710200000, 0x0000000710200000, 0x0000000710400000|  0%| F|  |TAMS 0x0000000710200000, 0x0000000710200000| Untracked 
| 111|0x0000000710400000, 0x0000000710400000, 0x0000000710600000|  0%| F|  |TAMS 0x0000000710400000, 0x0000000710400000| Untracked 
| 112|0x0000000710600000, 0x0000000710600000, 0x0000000710800000|  0%| F|  |TAMS 0x0000000710600000, 0x0000000710600000| Untracked 
| 113|0x0000000710800000, 0x0000000710800000, 0x0000000710a00000|  0%| F|  |TAMS 0x0000000710800000, 0x0000000710800000| Untracked 
| 114|0x0000000710a00000, 0x0000000710a00000, 0x0000000710c00000|  0%| F|  |TAMS 0x0000000710a00000, 0x0000000710a00000| Untracked 
| 115|0x0000000710c00000, 0x0000000710c00000, 0x0000000710e00000|  0%| F|  |TAMS 0x0000000710c00000, 0x0000000710c00000| Untracked 
| 116|0x0000000710e00000, 0x0000000710e00000, 0x0000000711000000|  0%| F|  |TAMS 0x0000000710e00000, 0x0000000710e00000| Untracked 
| 117|0x0000000711000000, 0x0000000711000000, 0x0000000711200000|  0%| F|  |TAMS 0x0000000711000000, 0x0000000711000000| Untracked 
| 118|0x0000000711200000, 0x0000000711271290, 0x0000000711400000| 22%| E|  |TAMS 0x0000000711200000, 0x0000000711200000| Complete 
| 119|0x0000000711400000, 0x0000000711600000, 0x0000000711600000|100%| E|CS|TAMS 0x0000000711400000, 0x0000000711400000| Complete 
| 120|0x0000000711600000, 0x0000000711800000, 0x0000000711800000|100%| E|CS|TAMS 0x0000000711600000, 0x0000000711600000| Complete 
| 121|0x0000000711800000, 0x0000000711a00000, 0x0000000711a00000|100%| E|  |TAMS 0x0000000711800000, 0x0000000711800000| Complete 
| 122|0x0000000711a00000, 0x0000000711c00000, 0x0000000711c00000|100%| E|CS|TAMS 0x0000000711a00000, 0x0000000711a00000| Complete 
| 123|0x0000000711c00000, 0x0000000711e00000, 0x0000000711e00000|100%| E|CS|TAMS 0x0000000711c00000, 0x0000000711c00000| Complete 
| 124|0x0000000711e00000, 0x0000000712000000, 0x0000000712000000|100%| E|CS|TAMS 0x0000000711e00000, 0x0000000711e00000| Complete 
| 125|0x0000000712000000, 0x0000000712200000, 0x0000000712200000|100%| E|CS|TAMS 0x0000000712000000, 0x0000000712000000| Complete 
| 126|0x0000000712200000, 0x0000000712400000, 0x0000000712400000|100%| E|CS|TAMS 0x0000000712200000, 0x0000000712200000| Complete 

Card table byte_map: [0x00000238e0a30000,0x00000238e1220000] _byte_map_base: 0x00000238dd21d000

Marking Bits (Prev, Next): (CMBitMap*) 0x00000238d525d790, (CMBitMap*) 0x00000238d525d7d0
 Prev Bits: [0x00000238e1a10000, 0x00000238e5978000)
 Next Bits: [0x00000238e5980000, 0x00000238e98e8000)

Polling page: 0x00000238d31a0000

Metaspace:

Usage:
  Non-class:      2.16 MB used.
      Class:    278.09 KB used.
       Both:      2.43 MB used.

Virtual space:
  Non-class space:       64.00 MB reserved,       2.25 MB (  4%) committed,  1 nodes.
      Class space:        1.00 GB reserved,     320.00 KB ( <1%) committed,  1 nodes.
             Both:        1.06 GB reserved,       2.56 MB ( <1%) committed. 

Chunk freelists:
   Non-Class:  3.90 MB
       Class:  3.58 MB
        Both:  7.48 MB

MaxMetaspaceSize: unlimited
CompressedClassSpaceSize: 1.00 GB
Initial GC threshold: 21.00 MB
Current GC threshold: 21.00 MB
CDS: on
MetaspaceReclaimPolicy: balanced
 - commit_granule_bytes: 65536.
 - commit_granule_words: 8192.
 - virtual_space_node_default_size: 8388608.
 - enlarge_chunks_in_place: 1.
 - new_chunks_are_fully_committed: 0.
 - uncommit_free_chunks: 1.
 - use_allocation_guard: 0.


Internal statistics:

num_allocs_failed_limit: 0.
num_arena_births: 88.
num_arena_deaths: 0.
num_vsnodes_births: 2.
num_vsnodes_deaths: 0.
num_space_committed: 41.
num_space_uncommitted: 0.
num_chunks_returned_to_freelist: 0.
num_chunks_taken_from_freelist: 92.
num_chunk_merges: 0.
num_chunk_splits: 67.
num_chunks_enlarged: 43.
num_inconsistent_stats: 0.

CodeCache: size=49152Kb used=3895Kb max_used=3895Kb free=45256Kb
 bounds [0x00000238dd130000, 0x00000238dd500000, 0x00000238e0130000]
 total_blobs=1192 nmethods=762 adapters=353
 compilation: enabled
              stopped_count=0, restarted_count=0
 full_count=0

Compilation events (20 events):
Event: 0.371 Thread 0x00000238ec2cf4d0 nmethod 747 0x00000238dd4f8490 code [0x00000238dd4f8620, 0x00000238dd4f8798]
Event: 0.371 Thread 0x00000238f0646f00 nmethod 750 0x00000238dd4f8810 code [0x00000238dd4f89c0, 0x00000238dd4f8d18]
Event: 0.371 Thread 0x00000238f0646f00  754       1       java.lang.reflect.Method::getModifiers (5 bytes)
Event: 0.371 Thread 0x00000238f0646f00 nmethod 754 0x00000238dd4f8e10 code [0x00000238dd4f8fa0, 0x00000238dd4f9058]
Event: 0.372 Thread 0x00000238f0646f00  755       1       java.lang.invoke.MethodHandleNatives::refKindIsField (32 bytes)
Event: 0.373 Thread 0x00000238f0646f00 nmethod 755 0x00000238dd4f9110 code [0x00000238dd4f92a0, 0x00000238dd4f9358]
Event: 0.373 Thread 0x00000238f0646f00  756 %     1       java.util.Properties$LineReader::readLine @ 224 (584 bytes)
Event: 0.373 Thread 0x00000238f064b490  757       1       java.util.Properties::loadConvert (540 bytes)
Event: 0.373 Thread 0x00000238f0e40380  758       1       java.lang.invoke.MethodType::rtype (5 bytes)
Event: 0.373 Thread 0x00000238f0e40380 nmethod 758 0x00000238dd4f9410 code [0x00000238dd4f95a0, 0x00000238dd4f9678]
Event: 0.374 Thread 0x00000238f064b490 nmethod 757 0x00000238dd4f9710 code [0x00000238dd4f9960, 0x00000238dd4fa078]
Event: 0.375 Thread 0x00000238f0646f00 nmethod 756% 0x00000238dd4fa590 code [0x00000238dd4fa840, 0x00000238dd4fbc78]
Event: 0.375 Thread 0x00000238f0646f00  759       1       java.util.jar.JarFile::getVersionedEntry (133 bytes)
Event: 0.376 Thread 0x00000238f0646f00 nmethod 759 0x00000238dd4fc810 code [0x00000238dd4fca40, 0x00000238dd4fcfe8]
Event: 0.377 Thread 0x00000238f0646f00  760       1       java.util.IdentityHashMap::maskNull (12 bytes)
Event: 0.377 Thread 0x00000238ec2cf4d0  761       1       java.util.IdentityHashMap::hash (18 bytes)
Event: 0.377 Thread 0x00000238f064b490  762       1       java.lang.reflect.Method::getRoot (5 bytes)
Event: 0.377 Thread 0x00000238f064b490 nmethod 762 0x00000238dd4fd410 code [0x00000238dd4fd5a0, 0x00000238dd4fd678]
Event: 0.377 Thread 0x00000238ec2cf4d0 nmethod 761 0x00000238dd4fd710 code [0x00000238dd4fd8a0, 0x00000238dd4fd988]
Event: 0.377 Thread 0x00000238f0646f00 nmethod 760 0x00000238dd4fda10 code [0x00000238dd4fdba0, 0x00000238dd4fdc58]

GC Heap History (0 events):
No events

Dll operation events (12 events):
Event: 0.008 Loaded shared library C:\Program Files\Java\jdk-19\bin\java.dll
Event: 0.017 Loaded shared library C:\Program Files\Java\jdk-19\bin\jsvml.dll
Event: 0.153 Loaded shared library C:\Program Files\Java\jdk-19\bin\zip.dll
Event: 0.155 Loaded shared library C:\Program Files\Java\jdk-19\bin\instrument.dll
Event: 0.159 Loaded shared library C:\Program Files\Java\jdk-19\bin\net.dll
Event: 0.160 Loaded shared library C:\Program Files\Java\jdk-19\bin\nio.dll
Event: 0.163 Loaded shared library C:\Program Files\Java\jdk-19\bin\zip.dll
Event: 0.290 Loaded shared library C:\Users\Igrix\AppData\Local\Programs\IntelliJ IDEA Ultimate\bin\breakgen64.dll
Event: 0.294 Loaded shared library C:\Program Files\Java\jdk-19\bin\jimage.dll
Event: 0.296 Loaded shared library C:\Program Files\Java\jdk-19\bin\extnet.dll
Event: 0.310 Loaded shared library C:\Program Files\Java\jdk-19\bin\management.dll
Event: 0.317 Loaded shared library C:\Program Files\Java\jdk-19\bin\management_ext.dll

Deoptimization events (0 events):
No events

Classes loaded (20 events):
Event: 0.374 Loading class jdk/internal/logger/LoggerFinderLoader done
Event: 0.374 Loading class sun/security/util/SecurityConstants
Event: 0.374 Loading class sun/security/util/SecurityConstants done
Event: 0.374 Loading class java/net/NetPermission
Event: 0.375 Loading class java/net/NetPermission done
Event: 0.375 Loading class java/security/SecurityPermission
Event: 0.375 Loading class java/security/SecurityPermission done
Event: 0.375 Loading class java/net/SocketPermission
Event: 0.375 Loading class java/net/SocketPermission done
Event: 0.375 Loading class java/lang/reflect/ReflectPermission
Event: 0.375 Loading class java/lang/reflect/ReflectPermission done
Event: 0.376 Loading class sun/util/logging/internal/LoggingProviderImpl$JULWrapper
Event: 0.376 Loading class sun/util/logging/internal/LoggingProviderImpl$JULWrapper done
Event: 0.377 Loading class javax/management/openmbean/OpenMBeanParameterInfoSupport
Event: 0.377 Loading class javax/management/openmbean/OpenMBeanParameterInfoSupport done
Event: 0.377 Loading class javax/management/openmbean/OpenMBeanOperationInfoSupport
Event: 0.377 Loading class javax/management/openmbean/OpenMBeanOperationInfo
Event: 0.377 Loading class javax/management/openmbean/OpenMBeanOperationInfo done
Event: 0.377 Loading class javax/management/openmbean/OpenMBeanOperationInfoSupport done
Event: 0.377 Loading class javax/management/MBeanInfo$ArrayGettersSafeAction

Classes unloaded (0 events):
No events

Classes redefined (0 events):
No events

Internal exceptions (7 events):
Event: 0.283 Thread 0x00000238d51ed0b0 Exception <a 'java/lang/NoSuchMethodError'{0x00000007114021c0}: 'void java.lang.invoke.DirectMethodHandle$Holder.invokeStatic(java.lang.Object, java.lang.Object, java.lang.Object)'> (0x00000007114021c0) 
thrown [s\open\src\hotspot\share\interpreter\linkResolver.cpp, line 774]
Event: 0.286 Thread 0x00000238d51ed0b0 Exception <a 'java/lang/NoSuchMethodError'{0x000000071141a7b8}: 'java.lang.Object java.lang.invoke.Invokers$Holder.invokeExact_MT(java.lang.Object, java.lang.Object, java.lang.Object, java.lang.Object, java.lang.Object)'> (0x000000071141a7b8) 
thrown [s\open\src\hotspot\share\interpreter\linkResolver.cpp, line 774]
Event: 0.298 Thread 0x00000238f0e5fe90 Exception <a 'java/lang/NoSuchMethodError'{0x00000007114789d0}: 'void java.lang.invoke.DirectMethodHandle$Holder.invokeStatic(java.lang.Object, java.lang.Object)'> (0x00000007114789d0) 
thrown [s\open\src\hotspot\share\interpreter\linkResolver.cpp, line 774]
Event: 0.309 Thread 0x00000238d51ed0b0 Exception <a 'java/lang/NoSuchMethodError'{0x0000000711454288}: 'java.lang.Object java.lang.invoke.DirectMethodHandle$Holder.invokeStaticInit(java.lang.Object)'> (0x0000000711454288) 
thrown [s\open\src\hotspot\share\interpreter\linkResolver.cpp, line 774]
Event: 0.319 Thread 0x00000238d51ed0b0 Exception <a 'java/lang/NoSuchMethodError'{0x000000071146a588}: 'int java.lang.invoke.DirectMethodHandle$Holder.invokeInterface(java.lang.Object, java.lang.Object)'> (0x000000071146a588) 
thrown [s\open\src\hotspot\share\interpreter\linkResolver.cpp, line 774]
Event: 0.320 Thread 0x00000238d51ed0b0 Exception <a 'java/lang/IncompatibleClassChangeError'{0x000000071146db88}: Found class java.lang.Object, but interface was expected> (0x000000071146db88) 
thrown [s\open\src\hotspot\share\interpreter\linkResolver.cpp, line 841]
Event: 0.360 Thread 0x00000238d51ed0b0 Exception <a 'java/lang/NoSuchMethodError'{0x00000007115ace90}: 'int java.lang.invoke.DirectMethodHandle$Holder.invokeSpecial(java.lang.Object, java.lang.Object, java.lang.Object)'> (0x00000007115ace90) 
thrown [s\open\src\hotspot\share\interpreter\linkResolver.cpp, line 774]

VM Operations (6 events):
Event: 0.145 Executing VM operation: HandshakeAllThreads
Event: 0.145 Executing VM operation: HandshakeAllThreads done
Event: 0.292 Executing VM operation: HandshakeAllThreads
Event: 0.292 Executing VM operation: HandshakeAllThreads done
Event: 0.322 Executing VM operation: HandshakeAllThreads
Event: 0.322 Executing VM operation: HandshakeAllThreads done

Events (15 events):
Event: 0.017 Thread 0x00000238d51ed0b0 Thread added: 0x00000238d51ed0b0
Event: 0.030 Thread 0x00000238ec2c6df0 Thread added: 0x00000238ec2c6df0
Event: 0.030 Thread 0x00000238ec2c79e0 Thread added: 0x00000238ec2c79e0
Event: 0.030 Thread 0x00000238ec2c93e0 Thread added: 0x00000238ec2c93e0
Event: 0.031 Thread 0x00000238ec2cbfe0 Thread added: 0x00000238ec2cbfe0
Event: 0.031 Thread 0x00000238ec2cd920 Thread added: 0x00000238ec2cd920
Event: 0.031 Thread 0x00000238ec2ceba0 Thread added: 0x00000238ec2ceba0
Event: 0.031 Thread 0x00000238ec2cf4d0 Thread added: 0x00000238ec2cf4d0
Event: 0.031 Thread 0x00000238ec2e07c0 Thread added: 0x00000238ec2e07c0
Event: 0.139 Thread 0x00000238ec297450 Thread added: 0x00000238ec297450
Event: 0.145 Thread 0x00000238f0646f00 Thread added: 0x00000238f0646f00
Event: 0.145 Thread 0x00000238f064b490 Thread added: 0x00000238f064b490
Event: 0.280 Thread 0x00000238f0e40380 Thread added: 0x00000238f0e40380
Event: 0.291 Thread 0x00000238f0e5fe90 Thread added: 0x00000238f0e5fe90
Event: 0.291 Thread 0x00000238f0e603d0 Thread added: 0x00000238f0e603d0


Dynamic libraries:
0x00007ff75f120000 - 0x00007ff75f130000 	C:\Program Files\Java\jdk-19\bin\java.exe
0x00007fffcc930000 - 0x00007fffccb28000 	C:\Windows\SYSTEM32\ntdll.dll
0x00007fffcaa10000 - 0x00007fffcaad1000 	C:\Windows\System32\KERNEL32.DLL
0x00007fffc9fe0000 - 0x00007fffca2dd000 	C:\Windows\System32\KERNELBASE.dll
0x00007fffca7b0000 - 0x00007fffca8b0000 	C:\Windows\System32\ucrtbase.dll
0x00007fffc5630000 - 0x00007fffc5648000 	C:\Program Files\Java\jdk-19\bin\jli.dll
0x00007fffc2330000 - 0x00007fffc234b000 	C:\Program Files\Java\jdk-19\bin\VCRUNTIME140.dll
0x00007fffcb820000 - 0x00007fffcb8d0000 	C:\Windows\System32\ADVAPI32.dll
0x00007fffcbbd0000 - 0x00007fffcbc6e000 	C:\Windows\System32\msvcrt.dll
0x00007fffcbad0000 - 0x00007fffcbb70000 	C:\Windows\System32\sechost.dll
0x00007fffcc470000 - 0x00007fffcc593000 	C:\Windows\System32\RPCRT4.dll
0x00007fffca440000 - 0x00007fffca467000 	C:\Windows\System32\bcrypt.dll
0x00007fffcb320000 - 0x00007fffcb4bd000 	C:\Windows\System32\USER32.dll
0x00007fffca6f0000 - 0x00007fffca712000 	C:\Windows\System32\win32u.dll
0x00007fffaebd0000 - 0x00007fffaee6a000 	C:\Windows\WinSxS\amd64_microsoft.windows.common-controls_6595b64144ccf1df_6.0.19041.4355_none_60b8b9eb71f62e16\COMCTL32.dll
0x00007fffcb260000 - 0x00007fffcb28b000 	C:\Windows\System32\GDI32.dll
0x00007fffca5d0000 - 0x00007fffca6e7000 	C:\Windows\System32\gdi32full.dll
0x00007fffca2e0000 - 0x00007fffca37d000 	C:\Windows\System32\msvcp_win.dll
0x00007fffc3420000 - 0x00007fffc342a000 	C:\Windows\SYSTEM32\VERSION.dll
0x00007fffcc3e0000 - 0x00007fffcc40f000 	C:\Windows\System32\IMM32.DLL
0x00007fffc7600000 - 0x00007fffc760c000 	C:\Program Files\Java\jdk-19\bin\vcruntime140_1.dll
0x00007fffb7ca0000 - 0x00007fffb7d2e000 	C:\Program Files\Java\jdk-19\bin\msvcp140.dll
0x00007fff75f60000 - 0x00007fff76c20000 	C:\Program Files\Java\jdk-19\bin\server\jvm.dll
0x00007fffc5970000 - 0x00007fffc5979000 	C:\Windows\SYSTEM32\WSOCK32.dll
0x00007fffbdbe0000 - 0x00007fffbdc07000 	C:\Windows\SYSTEM32\WINMM.dll
0x00007fffcb940000 - 0x00007fffcb9ab000 	C:\Windows\System32\WS2_32.dll
0x00007fffc8000000 - 0x00007fffc8012000 	C:\Windows\SYSTEM32\kernel.appcore.dll
0x00007fffc61b0000 - 0x00007fffc61ba000 	C:\Program Files\Java\jdk-19\bin\jimage.dll
0x00007fffc7bb0000 - 0x00007fffc7d94000 	C:\Windows\SYSTEM32\DBGHELP.DLL
0x00007fffa56c0000 - 0x00007fffa56f4000 	C:\Windows\SYSTEM32\dbgcore.DLL
0x00007fffca720000 - 0x00007fffca7a2000 	C:\Windows\System32\bcryptPrimitives.dll
0x00007fffc5d30000 - 0x00007fffc5d3e000 	C:\Program Files\Java\jdk-19\bin\instrument.dll
0x00007fffc1d00000 - 0x00007fffc1d26000 	C:\Program Files\Java\jdk-19\bin\java.dll
0x00007fffb2950000 - 0x00007fffb2a27000 	C:\Program Files\Java\jdk-19\bin\jsvml.dll
0x00007fffcbc70000 - 0x00007fffcc3df000 	C:\Windows\System32\SHELL32.dll
0x00007fffc8020000 - 0x00007fffc87bf000 	C:\Windows\SYSTEM32\windows.storage.dll
0x00007fffcb4c0000 - 0x00007fffcb813000 	C:\Windows\System32\combase.dll
0x00007fffc9920000 - 0x00007fffc994e000 	C:\Windows\SYSTEM32\Wldp.dll
0x00007fffcc820000 - 0x00007fffcc8ed000 	C:\Windows\System32\OLEAUT32.dll
0x00007fffcc5c0000 - 0x00007fffcc66d000 	C:\Windows\System32\SHCORE.dll
0x00007fffcc410000 - 0x00007fffcc465000 	C:\Windows\System32\shlwapi.dll
0x00007fffc9f10000 - 0x00007fffc9f34000 	C:\Windows\SYSTEM32\profapi.dll
0x00007fffb8e30000 - 0x00007fffb8e48000 	C:\Program Files\Java\jdk-19\bin\zip.dll
0x00007fffc1ef0000 - 0x00007fffc1f03000 	C:\Program Files\Java\jdk-19\bin\net.dll
0x00007fffc12f0000 - 0x00007fffc13fd000 	C:\Windows\SYSTEM32\WINHTTP.dll
0x00007fffc9700000 - 0x00007fffc976a000 	C:\Windows\system32\mswsock.dll
0x00007fffbb6e0000 - 0x00007fffbb6f6000 	C:\Program Files\Java\jdk-19\bin\nio.dll
0x00007fffb7de0000 - 0x00007fffb7dfa000 	C:\Users\Igrix\AppData\Local\Programs\IntelliJ IDEA Ultimate\bin\breakgen64.dll
0x00007fffb7e00000 - 0x00007fffb7e08000 	C:\Program Files\Java\jdk-19\bin\extnet.dll
0x00007fffc9400000 - 0x00007fffc94ca000 	C:\Windows\SYSTEM32\DNSAPI.dll
0x00007fffc93b0000 - 0x00007fffc93eb000 	C:\Windows\SYSTEM32\IPHLPAPI.DLL
0x00007fffcc5b0000 - 0x00007fffcc5b8000 	C:\Windows\System32\NSI.dll
0x0000000067f10000 - 0x0000000067f36000 	C:\Program Files\Bonjour\mdnsNSP.dll
0x00007fffc2970000 - 0x00007fffc297a000 	C:\Windows\System32\rasadhlp.dll
0x00007fffc0d90000 - 0x00007fffc0e10000 	C:\Windows\System32\fwpuclnt.dll
0x00007fffbb6d0000 - 0x00007fffbb6da000 	C:\Program Files\Java\jdk-19\bin\management.dll
0x00007fffb8e20000 - 0x00007fffb8e2b000 	C:\Program Files\Java\jdk-19\bin\management_ext.dll
0x00007fffcc5a0000 - 0x00007fffcc5a8000 	C:\Windows\System32\PSAPI.DLL

dbghelp: loaded successfully - version: 4.0.5 - missing functions: none
symbol engine: initialized successfully - sym options: 0x614 - pdb path: .;C:\Program Files\Java\jdk-19\bin;C:\Windows\SYSTEM32;C:\Windows\WinSxS\amd64_microsoft.windows.common-controls_6595b64144ccf1df_6.0.19041.4355_none_60b8b9eb71f62e16;C:\Program Files\Java\jdk-19\bin\server;C:\Users\Igrix\AppData\Local\Programs\IntelliJ IDEA Ultimate\bin;C:\Program Files\Bonjour

VM Arguments:
jvm_args: -XX:TieredStopAtLevel=1 -Dspring.profiles.active=dev -Dspring.output.ansi.enabled=always -Dcom.sun.management.jmxremote -Dspring.jmx.enabled=true -Dspring.liveBeansView.mbeanDomain -Dspring.application.admin.enabled=true -Dmanagement.endpoints.jmx.exposure.include=* -javaagent:C:\Users\Igrix\AppData\Local\Programs\IntelliJ IDEA Ultimate\lib\idea_rt.jar=20244:C:\Users\Igrix\AppData\Local\Programs\IntelliJ IDEA Ultimate\bin -Dfile.encoding=UTF-8 -Dsun.stdout.encoding=UTF-8 -Dsun.stderr.encoding=UTF-8 
java_command: ru.avitoAnalytics.AvitoAnalyticsBot.AvitoAnalyticsBotApplication
java_class_path (initial): C:\Users\Igrix\Desktop\code\Projects\AvitoBot\AvitoAnalyticsBot\target\classes;C:\Users\Igrix\.m2\repository\org\springframework\boot\spring-boot-starter-data-jpa\3.2.5\spring-boot-starter-data-jpa-3.2.5.jar;C:\Users\Igrix\.m2\repository\org\springframework\boot\spring-boot-starter-aop\3.2.5\spring-boot-starter-aop-3.2.5.jar;C:\Users\Igrix\.m2\repository\org\springframework\spring-aop\6.1.6\spring-aop-6.1.6.jar;C:\Users\Igrix\.m2\repository\org\springframework\boot\spring-boot-starter-jdbc\3.2.5\spring-boot-starter-jdbc-3.2.5.jar;C:\Users\Igrix\.m2\repository\com\zaxxer\HikariCP\5.0.1\HikariCP-5.0.1.jar;C:\Users\Igrix\.m2\repository\org\springframework\spring-jdbc\6.1.6\spring-jdbc-6.1.6.jar;C:\Users\Igrix\.m2\repository\org\hibernate\orm\hibernate-core\6.4.4.Final\hibernate-core-6.4.4.Final.jar;C:\Users\Igrix\.m2\repository\jakarta\persistence\jakarta.persistence-api\3.1.0\jakarta.persistence-api-3.1.0.jar;C:\Users\Igrix\.m2\repository\jakarta\transaction\jakarta.transaction-api\2.0.1\jakarta.transaction-api-2.0.1.jar;C:\Users\Igrix\.m2\repository\org\jboss\logging\jboss-logging\3.5.3.Final\jboss-logging-3.5.3.Final.jar;C:\Users\Igrix\.m2\repository\org\hibernate\common\hibernate-commons-annotations\6.0.6.Final\hibernate-commons-annotations-6.0.6.Final.jar;C:\Users\Igrix\.m2\repository\io\smallrye\jandex\3.1.2\jandex-3.1.2.jar;C:\Users\Igrix\.m2\repository\com\fasterxml\classmate\1.6.0\classmate-1.6.0.jar;C:\Users\Igrix\.m2\repository\net\bytebuddy\byte-buddy\1.14.13\byte-buddy-1.14.13.jar;C:\Users\Igrix\.m2\repository\org\glassfish\jaxb\jaxb-runtime\4.0.5\jaxb-runtime-4.0.5.jar;C:\Users\Igrix\.m2\repository\org\glassfish\jaxb\jaxb-core\4.0.5\jaxb-core-4.0.5.jar;C:\Users\Igrix\.m2\repository\org\eclipse\angus\angus-activation\2.0.2\angus-activation-2.0.2.jar;C:\Users\Igrix\.m2\repository\org\glassfish\jaxb\txw2\4.0.5\txw2-4.0.5.jar;C:\Users\Igrix\.m2\repository\com\sun\istack\istack-commons-runtime\4.1.2\istack-commons-runtime-4.1.2.jar;C:\Users\Igrix\.m2\repository\jakarta\inject\jakarta.inject-api\2.0.1\jakarta.inject-api-2.0.1.jar;C:\Users\Igrix\.m2\repository\org\antlr\antlr4-runtime\4.13.0\antlr4-runtime-4.13.0.jar;C:\Users\Igrix\.m2\repository\org\springframework\data\spring-data-jpa\3.2.5\spring-data-jpa-3.2.5.jar;C:\Users\Igrix\.m2\repository\org\springframework\data\spring-data-commons\3.2.5\spring-data-commons-3.2.5.jar;C:\Users\Igrix\.m2\repository\org\springframework\spring-orm\6.1.6\spring-orm-6.1.6.jar;C:\Users\Igrix\.m2\repository\org\springframework\spring-context\6.1.6\spring-context-6.1.6.jar;C:\Users\Igrix\.m2\repository\org\springframework\spring-tx\6.1.6\spring-tx-6.1.6.jar;C:\Users\Igrix\.m2\repository\org\springframework\spring-beans\6.1.6\spring-beans-6.1.6.jar;C:\Users\Igrix\.m2\repository\jakarta\annotation\jakarta.annotation-api\2.1.1\jakarta.annotation-api-2.1.1.jar;C:\Users\Igrix\.m2\repository\org\springframework\boot\spring-boot-starter-web\3.2.5\spring-boot-starter-web-3.2.5.jar;C:\Users\Igrix\.m2\repository\org\springframework\boot\spring-boot-starter\3.2.5\spring-boot-starter-3.2.5.jar;C:\Users\Igrix\.m2\repository\org\springframework\boot\spring-boot-autoconfigure\3.2.5\spring-boot-autoconfigure-3.2.5.jar;C:\Users\Igrix\.m2\repository\org\springframework\boot\spring-boot-starter-logging\3.2.5\spring-boot-starter-logging-3.2.5.jar;C:\Users\Igrix\.m2\repository\ch\qos\logback\logback-classic\1.4.14\logback-classic-1.4.14.jar;C:\Users\Igrix\.m2\repository\ch\qos\logback\logback-core\1.4.14\logback-core-1.4.14.jar;C:\Users\Igrix\.m2\repository\org\apache\logging\log4j\log4j-to-slf4j\2.21.1\log4j-to-slf4j-2.21.1.jar;C:\Users\Igrix\.m2\repository\org\slf4j\jul-to-slf4j\2.0.13\jul-to-slf4j-2.0.13.jar;C:\Users\Igrix\.m2\repository\org\yaml\snakeyaml\2.2\snakeyaml-2.2.jar;C:\Users\Igrix\.m2\repository\org\springframework\boot\spring-boot-starter-json\3.2.5\spring-boot-starter-json-3.2.5.jar;C:\Users\Igrix\.m2\repository\com\fasterxml\jackson\datatype\jackson-datatype-jdk8\2.15.4\jackson-datatype-jdk8-2.15.4.jar;C:\Users\Igrix\.m2\repository\com\fasterxml\jackson\datatype\jackson-datatype-jsr310\2.15.4\jackson-datatype-jsr310-2.15.4.jar;C:\Users\Igrix\.m2\repository\org\springframework\boot\spring-boot-starter-tomcat\3.2.5\spring-boot-starter-tomcat-3.2.5.jar;C:\Users\Igrix\.m2\repository\org\apache\tomcat\embed\tomcat-embed-core\10.1.20\tomcat-embed-core-10.1.20.jar;C:\Users\Igrix\.m2\repository\org\apache\tomcat\embed\tomcat-embed-el\10.1.20\tomcat-embed-el-10.1.20.jar;C:\Users\Igrix\.m2\repository\org\apache\tomcat\embed\tomcat-embed-websocket\10.1.20\tomcat-embed-websocket-10.1.20.jar;C:\Users\Igrix\.m2\repository\org\springframework\spring-web\6.1.6\spring-web-6.1.6.jar;C:\Users\Igrix\.m2\repository\io\micrometer\micrometer-observation\1.12.5\micrometer-observation-1.12.5.jar;C:\Users\Igrix\.m2\repository\io\micrometer\micrometer-commons\1.12.5\micrometer-commons-1.12.5.jar;C:\Users\Igrix\.m2\repository\org\springframework\spring-webmvc\6.1.6\spring-webmvc-6.1.6.jar;C:\Users\Igrix\.m2\repository\org\springframework\spring-expression\6.1.6\spring-expression-6.1.6.jar;C:\Users\Igrix\.m2\repository\org\springframework\boot\spring-boot-docker-compose\3.2.5\spring-boot-docker-compose-3.2.5.jar;C:\Users\Igrix\.m2\repository\org\springframework\boot\spring-boot\3.2.5\spring-boot-3.2.5.jar;C:\Users\Igrix\.m2\repository\com\fasterxml\jackson\core\jackson-databind\2.15.4\jackson-databind-2.15.4.jar;C:\Users\Igrix\.m2\repository\com\fasterxml\jackson\core\jackson-core\2.15.4\jackson-core-2.15.4.jar;C:\Users\Igrix\.m2\repository\com\fasterxml\jackson\module\jackson-module-parameter-names\2.15.4\jackson-module-parameter-names-2.15.4.jar;C:\Users\Igrix\.m2\repository\org\springframework\retry\spring-retry\2.0.5\spring-retry-2.0.5.jar;C:\Users\Igrix\.m2\repository\org\springframework\spring-aspects\6.1.6\spring-aspects-6.1.6.jar;C:\Users\Igrix\.m2\repository\org\aspectj\aspectjweaver\1.9.22\aspectjweaver-1.9.22.jar;C:\Users\Igrix\.m2\repository\org\telegram\telegrambots\6.9.0\telegrambots-6.9.0.jar;C:\Users\Igrix\.m2\repository\org\telegram\telegrambots-meta\6.9.0\telegrambots-meta-6.9.0.jar;C:\Users\Igrix\.m2\repository\com\fasterxml\jackson\core\jackson-annotations\2.15.4\jackson-annotations-2.15.4.jar;C:\Users\Igrix\.m2\repository\com\fasterxml\jackson\jaxrs\jackson-jaxrs-json-provider\2.15.4\jackson-jaxrs-json-provider-2.15.4.jar;C:\Users\Igrix\.m2\repository\com\fasterxml\jackson\jaxrs\jackson-jaxrs-base\2.15.4\jackson-jaxrs-base-2.15.4.jar;C:\Users\Igrix\.m2\repository\com\fasterxml\jackson\module\jackson-module-jaxb-annotations\2.15.4\jackson-module-jaxb-annotations-2.15.4.jar;C:\Users\Igrix\.m2\repository\org\glassfish\jersey\inject\jersey-hk2\3.1.6\jersey-hk2-3.1.6.jar;C:\Users\Igrix\.m2\repository\org\glassfish\jersey\core\jersey-common\3.1.6\jersey-common-3.1.6.jar;C:\Users\Igrix\.m2\repository\org\glassfish\hk2\osgi-resource-locator\1.0.3\osgi-resource-locator-1.0.3.jar;C:\Users\Igrix\.m2\repository\org\glassfish\hk2\hk2-locator\3.0.6\hk2-locator-3.0.6.jar;C:\Users\Igrix\.m2\repository\org\glassfish\hk2\external\aopalliance-repackaged\3.0.6\aopalliance-repackaged-3.0.6.jar;C:\Users\Igrix\.m2\repository\org\glassfish\hk2\hk2-api\3.0.6\hk2-api-3.0.6.jar;C:\Users\Igrix\.m2\repository\org\glassfish\hk2\hk2-utils\3.0.6\hk2-utils-3.0.6.jar;C:\Users\Igrix\.m2\repository\org\javassist\javassist\3.30.2-GA\javassist-3.30.2-GA.jar;C:\Users\Igrix\.m2\repository\org\glassfish\jersey\media\jersey-media-json-jackson\3.1.6\jersey-media-json-jackson-3.1.6.jar;C:\Users\Igrix\.m2\repository\org\glassfish\jersey\ext\jersey-entity-filtering\3.1.6\jersey-entity-filtering-3.1.6.jar;C:\Users\Igrix\.m2\repository\com\fasterxml\jackson\module\jackson-module-jakarta-xmlbind-annotations\2.15.4\jackson-module-jakarta-xmlbind-annotations-2.15.4.jar;C:\Users\Igrix\.m2\repository\org\glassfish\jersey\containers\jersey-container-grizzly2-http\3.1.6\jersey-container-grizzly2-http-3.1.6.jar;C:\Users\Igrix\.m2\repository\org\glassfish\grizzly\grizzly-http-server\4.0.2\grizzly-http-server-4.0.2.jar;C:\Users\Igrix\.m2\repository\org\glassfish\grizzly\grizzly-http\4.0.2\grizzly-http-4.0.2.jar;C:\Users\Igrix\.m2\repository\org\glassfish\grizzly\grizzly-framework\4.0.2\grizzly-framework-4.0.2.jar;C:\Users\Igrix\.m2\repository\jakarta\ws\rs\jakarta.ws.rs-api\3.1.0\jakarta.ws.rs-api-3.1.0.jar;C:\Users\Igrix\.m2\repository\org\glassfish\jersey\core\jersey-server\3.1.6\jersey-server-3.1.6.jar;C:\Users\Igrix\.m2\repository\org\glassfish\jersey\core\jersey-client\3.1.6\jersey-client-3.1.6.jar;C:\Users\Igrix\.m2\repository\jakarta\validation\jakarta.validation-api\3.0.2\jakarta.validation-api-3.0.2.jar;C:\Users\Igrix\.m2\repository\org\apache\httpcomponents\httpclient\4.5.13\httpclient-4.5.13.jar;C:\Users\Igrix\.m2\repository\org\apache\httpcomponents\httpcore\4.4.16\httpcore-4.4.16.jar;C:\Users\Igrix\.m2\repository\commons-logging\commons-logging\1.2\commons-logging-1.2.jar;C:\Users\Igrix\.m2\repository\org\apache\httpcomponents\httpmime\4.5.13\httpmime-4.5.13.jar;C:\Users\Igrix\.m2\repository\org\slf4j\slf4j-api\2.0.13\slf4j-api-2.0.13.jar;C:\Users\Igrix\.m2\repository\org\postgresql\postgresql\42.6.2\postgresql-42.6.2.jar;C:\Users\Igrix\.m2\repository\org\checkerframework\checker-qual\3.31.0\checker-qual-3.31.0.jar;C:\Users\Igrix\.m2\repository\org\projectlombok\lombok\1.18.32\lombok-1.18.32.jar;C:\Users\Igrix\.m2\repository\org\springframework\boot\spring-boot-starter-test\3.2.5\spring-boot-starter-test-3.2.5.jar;C:\Users\Igrix\.m2\repository\org\springframework\boot\spring-boot-test\3.2.5\spring-boot-test-3.2.5.jar;C:\Users\Igrix\.m2\repository\org\springframework\boot\spring-boot-test-autoconfigure\3.2.5\spring-boot-test-autoconfigure-3.2.5.jar;C:\Users\Igrix\.m2\repository\com\jayway\jsonpath\json-path\2.9.0\json-path-2.9.0.jar;C:\Users\Igrix\.m2\repository\jakarta\xml\bind\jakarta.xml.bind-api\4.0.2\jakarta.xml.bind-api-4.0.2.jar;C:\Users\Igrix\.m2\repository\jakarta\activation\jakarta.activation-api\2.1.3\jakarta.activation-api-2.1.3.jar;C:\Users\Igrix\.m2\repository\net\minidev\json-smart\2.5.1\json-smart-2.5.1.jar;C:\Users\Igrix\.m2\repository\net\minidev\accessors-smart\2.5.1\accessors-smart-2.5.1.jar;C:\Users\Igrix\.m2\repository\org\ow2\asm\asm\9.6\asm-9.6.jar;C:\Users\Igrix\.m2\repository\org\assertj\assertj-core\3.24.2\assertj-core-3.24.2.jar;C:\Users\Igrix\.m2\repository\org\awaitility\awaitility\4.2.1\awaitility-4.2.1.jar;C:\Users\Igrix\.m2\repository\org\hamcrest\hamcrest\2.2\hamcrest-2.2.jar;C:\Users\Igrix\.m2\repository\org\junit\jupiter\junit-jupiter\5.10.2\junit-jupiter-5.10.2.jar;C:\Users\Igrix\.m2\repository\org\junit\jupiter\junit-jupiter-api\5.10.2\junit-jupiter-api-5.10.2.jar;C:\Users\Igrix\.m2\repository\org\opentest4j\opentest4j\1.3.0\opentest4j-1.3.0.jar;C:\Users\Igrix\.m2\repository\org\junit\platform\junit-platform-commons\1.10.2\junit-platform-commons-1.10.2.jar;C:\Users\Igrix\.m2\repository\org\apiguardian\apiguardian-api\1.1.2\apiguardian-api-1.1.2.jar;C:\Users\Igrix\.m2\repository\org\junit\jupiter\junit-jupiter-params\5.10.2\junit-jupiter-params-5.10.2.jar;C:\Users\Igrix\.m2\repository\org\junit\jupiter\junit-jupiter-engine\5.10.2\junit-jupiter-engine-5.10.2.jar;C:\Users\Igrix\.m2\repository\org\junit\platform\junit-platform-engine\1.10.2\junit-platform-engine-1.10.2.jar;C:\Users\Igrix\.m2\repository\org\mockito\mockito-core\5.7.0\mockito-core-5.7.0.jar;C:\Users\Igrix\.m2\repository\net\bytebuddy\byte-buddy-agent\1.14.13\byte-buddy-agent-1.14.13.jar;C:\Users\Igrix\.m2\repository\org\objenesis\objenesis\3.3\objenesis-3.3.jar;C:\Users\Igrix\.m2\repository\org\mockito\mockito-junit-jupiter\5.7.0\mockito-junit-jupiter-5.7.0.jar;C:\Users\Igrix\.m2\repository\org\skyscreamer\jsonassert\1.5.1\jsonassert-1.5.1.jar;C:\Users\Igrix\.m2\repository\com\vaadin\external\google\android-json\0.0.20131108.vaadin1\android-json-0.0.20131108.vaadin1.jar;C:\Users\Igrix\.m2\repository\org\springframework\spring-core\6.1.6\spring-core-6.1.6.jar;C:\Users\Igrix\.m2\repository\org\springframework\spring-jcl\6.1.6\spring-jcl-6.1.6.jar;C:\Users\Igrix\.m2\repository\org\springframework\spring-test\6.1.6\spring-test-6.1.6.jar;C:\Users\Igrix\.m2\repository\org\xmlunit\xmlunit-core\2.9.1\xmlunit-core-2.9.1.jar;C:\Users\Igrix\.m2\repository\com\google\apis\google-api-services-sheets\v4-rev612-1.25.0\google-api-services-sheets-v4-rev612-1.25.0.jar;C:\Users\Igrix\.m2\repository\com\google\api-client\google-api-client\1.25.0\google-api-client-1.25.0.jar;C:\Users\Igrix\.m2\repository\com\google\oauth-client\google-oauth-client\1.25.0\google-oauth-client-1.25.0.jar;C:\Users\Igrix\.m2\repository\com\google\http-client\google-http-client-jackson2\1.25.0\google-http-client-jackson2-1.25.0.jar;C:\Users\Igrix\.m2\repository\com\google\auth\google-auth-library-oauth2-http\1.22.0\google-auth-library-oauth2-http-1.22.0.jar;C:\Users\Igrix\.m2\repository\com\google\auto\value\auto-value-annotations\1.10.4\auto-value-annotations-1.10.4.jar;C:\Users\Igrix\.m2\repository\com\google\code\findbugs\jsr305\3.0.2\jsr305-3.0.2.jar;C:\Users\Igrix\.m2\repository\com\google\auth\google-auth-library-credentials\1.22.0\google-auth-library-credentials-1.22.0.jar;C:\Users\Igrix\.m2\repository\com\google\http-client\google-http-client\1.43.3\google-http-client-1.43.3.jar;C:\Users\Igrix\.m2\repository\io\opencensus\opencensus-api\0.31.1\opencensus-api-0.31.1.jar;C:\Users\Igrix\.m2\repository\io\grpc\grpc-context\1.27.2\grpc-context-1.27.2.jar;C:\Users\Igrix\.m2\repository\io\opencensus\opencensus-contrib-http-util\0.31.1\opencensus-contrib-http-util-0.31.1.jar;C:\Users\Igrix\.m2\repository\com\google\http-client\google-http-client-gson\1.43.3\google-http-client-gson-1.43.3.jar;C:\Users\Igrix\.m2\repository\com\google\errorprone\error_prone_annotations\2.18.0\error_prone_annotations-2.18.0.jar;C:\Users\Igrix\.m2\repository\org\jsoup\jsoup\1.17.2\jsoup-1.17.2.jar;C:\Users\Igrix\.m2\repository\org\apache\poi\poi\5.2.5\poi-5.2.5.jar;C:\Users\Igrix\.m2\repository\commons-codec\commons-codec\1.16.1\commons-codec-1.16.1.jar;C:\Users\Igrix\.m2\repository\org\apache\commons\commons-collections4\4.4\commons-collections4-4.4.jar;C:\Users\Igrix\.m2\repository\org\apache\commons\commons-math3\3.6.1\commons-math3-3.6.1.jar;C:\Users\Igrix\.m2\repository\com\zaxxer\SparseBitSet\1.3\SparseBitSet-1.3.jar;C:\Users\Igrix\.m2\repository\org\apache\logging\log4j\log4j-api\2.21.1\log4j-api-2.21.1.jar;C:\Users\Igrix\.m2\repository\org\apache\poi\poi-ooxml\5.2.5\poi-ooxml-5.2.5.jar;C:\Users\Igrix\.m2\repository\org\apache\poi\poi-ooxml-lite\5.2.5\poi-ooxml-lite-5.2.5.jar;C:\Users\Igrix\.m2\repository\org\apache\xmlbeans\xmlbeans\5.2.0\xmlbeans-5.2.0.jar;C:\Users\Igrix\.m2\repository\org\apache\commons\commons-compress\1.25.0\commons-compress-1.25.0.jar;C:\Users\Igrix\.m2\repository\com\github\virtuald\curvesapi\1.08\curvesapi-1.08.jar;C:\Users\Igrix\.m2\repository\commons-io\commons-io\2.15.1\commons-io-2.15.1.jar;C:\Users\Igrix\.m2\repository\org\flywaydb\flyway-core\9.22.3\flyway-core-9.22.3.jar;C:\Users\Igrix\.m2\repository\com\fasterxml\jackson\dataformat\jackson-dataformat-toml\2.15.4\jackson-dataformat-toml-2.15.4.jar;C:\Users\Igrix\.m2\repository\com\google\code\gson\gson\2.10.1\gson-2.10.1.jar;C:\Users\Igrix\.m2\repository\org\flywaydb\flyway-maven-plugin\10.4.1\flyway-maven-plugin-10.4.1.jar;C:\Users\Igrix\.m2\repository\org\apache\commons\commons-text\1.10.0\commons-text-1.10.0.jar;C:\Users\Igrix\.m2\repository\org\apache\commons\commons-lang3\3.14.0\commons-lang3-3.14.0.jar;C:\Users\Igrix\.m2\repository\org\seleniumhq\selenium\selenium-java\4.18.1\selenium-java-4.18.1.jar;C:\Users\Igrix\.m2\repository\org\seleniumhq\selenium\selenium-api\4.14.1\selenium-api-4.14.1.jar;C:\Users\Igrix\.m2\repository\org\seleniumhq\selenium\selenium-chrome-driver\4.14.1\selenium-chrome-driver-4.14.1.jar;C:\Users\Igrix\.m2\repository\com\google\auto\service\auto-service-annotations\1.1.1\auto-service-annotations-1.1.1.jar;C:\Users\Igrix\.m2\repository\org\seleniumhq\selenium\selenium-chromium-driver\4.14.1\selenium-chromium-driver-4.14.1.jar;C:\Users\Igrix\.m2\repository\org\seleniumhq\selenium\selenium-json\4.14.1\selenium-json-4.14.1.jar;C:\Users\Igrix\.m2\repository\org\seleniumhq\selenium\selenium-manager\4.14.1\selenium-manager-4.14.1.jar;C:\Users\Igrix\.m2\repository\org\seleniumhq\selenium\selenium-devtools-v120\4.18.1\selenium-devtools-v120-4.18.1.jar;C:\Users\Igrix\.m2\repository\org\seleniumhq\selenium\selenium-devtools-v121\4.18.1\selenium-devtools-v121-4.18.1.jar;C:\Users\Igrix\.m2\repository\org\seleniumhq\selenium\selenium-devtools-v122\4.18.1\selenium-devtools-v122-4.18.1.jar;C:\Users\Igrix\.m2\repository\org\seleniumhq\selenium\selenium-devtools-v85\4.14.1\selenium-devtools-v85-4.14.1.jar;C:\Users\Igrix\.m2\repository\org\seleniumhq\selenium\selenium-edge-driver\4.14.1\selenium-edge-driver-4.14.1.jar;C:\Users\Igrix\.m2\repository\org\seleniumhq\selenium\selenium-firefox-driver\4.14.1\selenium-firefox-driver-4.14.1.jar;C:\Users\Igrix\.m2\repository\org\seleniumhq\selenium\selenium-http\4.14.1\selenium-http-4.14.1.jar;C:\Users\Igrix\.m2\repository\dev\failsafe\failsafe\3.3.2\failsafe-3.3.2.jar;C:\Users\Igrix\.m2\repository\org\seleniumhq\selenium\selenium-ie-driver\4.14.1\selenium-ie-driver-4.14.1.jar;C:\Users\Igrix\.m2\repository\org\seleniumhq\selenium\selenium-remote-driver\4.14.1\selenium-remote-driver-4.14.1.jar;C:\Users\Igrix\.m2\repository\io\opentelemetry\opentelemetry-api\1.31.0\opentelemetry-api-1.31.0.jar;C:\Users\Igrix\.m2\repository\io\opentelemetry\opentelemetry-context\1.31.0\opentelemetry-context-1.31.0.jar;C:\Users\Igrix\.m2\repository\io\opentelemetry\opentelemetry-exporter-logging\1.31.0\opentelemetry-exporter-logging-1.31.0.jar;C:\Users\Igrix\.m2\repository\io\opentelemetry\opentelemetry-sdk-common\1.31.0\opentelemetry-sdk-common-1.31.0.jar;C:\Users\Igrix\.m2\repository\io\opentelemetry\opentelemetry-sdk-extension-autoconfigure-spi\1.31.0\opentelemetry-sdk-extension-autoconfigure-spi-1.31.0.jar;C:\Users\Igrix\.m2\repository\io\opentelemetry\opentelemetry-sdk-extension-autoconfigure\1.31.0\opentelemetry-sdk-extension-autoconfigure-1.31.0.jar;C:\Users\Igrix\.m2\repository\io\opentelemetry\opentelemetry-api-events\1.31.0-alpha\opentelemetry-api-events-1.31.0-alpha.jar;C:\Users\Igrix\.m2\repository\io\opentelemetry\opentelemetry-sdk-trace\1.31.0\opentelemetry-sdk-trace-1.31.0.jar;C:\Users\Igrix\.m2\repository\io\opentelemetry\opentelemetry-sdk\1.31.0\opentelemetry-sdk-1.31.0.jar;C:\Users\Igrix\.m2\repository\io\opentelemetry\opentelemetry-sdk-metrics\1.31.0\opentelemetry-sdk-metrics-1.31.0.jar;C:\Users\Igrix\.m2\repository\io\opentelemetry\opentelemetry-extension-incubator\1.31.0-alpha\opentelemetry-extension-incubator-1.31.0-alpha.jar;C:\Users\Igrix\.m2\repository\io\opentelemetry\opentelemetry-sdk-logs\1.31.0\opentelemetry-sdk-logs-1.31.0.jar;C:\Users\Igrix\.m2\repository\io\opentelemetry\opentelemetry-semconv\1.28.0-alpha\opentelemetry-semconv-1.28.0-alpha.jar;C:\Users\Igrix\.m2\repository\org\seleniumhq\selenium\selenium-os\4.14.1\selenium-os-4.14.1.jar;C:\Users\Igrix\.m2\repository\org\apache\commons\commons-exec\1.3\commons-exec-1.3.jar;C:\Users\Igrix\.m2\repository\org\seleniumhq\selenium\selenium-safari-driver\4.14.1\selenium-safari-driver-4.14.1.jar;C:\Users\Igrix\.m2\repository\org\seleniumhq\selenium\selenium-support\4.14.1\selenium-support-4.14.1.jar;C:\Users\Igrix\.m2\repository\com\google\guava\guava\33.0.0-jre\guava-33.0.0-jre.jar;C:\Users\Igrix\.m2\repository\com\google\guava\failureaccess\1.0.2\failureaccess-1.0.2.jar;C:\Users\Igrix\.m2\repository\com\google\guava\listenablefuture\9999.0-empty-to-avoid-conflict-with-guava\listenablefuture-9999.0-empty-to-avoid-conflict-with-guava.jar;C:\Users\Igrix\.m2\repository\com\google\j2objc\j2objc-annotations\2.8\j2objc-annotations-2.8.jar;C:\Users\Igrix\.m2\repository\org\apache\commons\commons-csv\1.11.0\commons-csv-1.11.0.jar;C:\Users\Igrix\.m2\repository\javax\xml\bind\jaxb-api\2.3.1\jaxb-api-2.3.1.jar;C:\Users\Igrix\.m2\repository\javax\activation\javax.activation-api\1.2.0\javax.activation-api-1.2.0.jar
Launcher Type: SUN_STANDARD

[Global flags]
     intx CICompilerCount                          = 4                                         {product} {ergonomic}
     uint ConcGCThreads                            = 2                                         {product} {ergonomic}
     uint G1ConcRefinementThreads                  = 8                                         {product} {ergonomic}
   size_t G1HeapRegionSize                         = 2097152                                   {product} {ergonomic}
    uintx GCDrainStackTargetSize                   = 64                                        {product} {ergonomic}
   size_t InitialHeapSize                          = 266338304                                 {product} {ergonomic}
     bool ManagementServer                         = true                                      {product} {command line}
   size_t MarkStackSize                            = 4194304                                   {product} {ergonomic}
   size_t MaxHeapSize                              = 4255121408                                {product} {ergonomic}
   size_t MaxNewSize                               = 2552233984                                {product} {ergonomic}
   size_t MinHeapDeltaBytes                        = 2097152                                   {product} {ergonomic}
   size_t MinHeapSize                              = 8388608                                   {product} {ergonomic}
    uintx NonProfiledCodeHeapSize                  = 0                                      {pd product} {ergonomic}
     bool ProfileInterpreter                       = false                                  {pd product} {command line}
    uintx ProfiledCodeHeapSize                     = 0                                      {pd product} {ergonomic}
   size_t SoftMaxHeapSize                          = 4255121408                             {manageable} {ergonomic}
     intx TieredStopAtLevel                        = 1                                         {product} {command line}
     bool UseCompressedClassPointers               = true                           {product lp64_product} {ergonomic}
     bool UseCompressedOops                        = true                           {product lp64_product} {ergonomic}
     bool UseG1GC                                  = true                                      {product} {ergonomic}
     bool UseLargePagesIndividualAllocation        = false                                  {pd product} {ergonomic}

Logging:
Log output configuration:
 #0: stdout all=warning uptime,level,tags foldmultilines=false
 #1: stderr all=off uptime,level,tags foldmultilines=false

Environment Variables:
JAVA_HOME=C:\Program Files\Eclipse Adoptium\jdk-11.0.23.9-hotspot\
PATH=C:\Program Files\Eclipse Adoptium\jdk-21.0.3.9-hotspot\bin;C:\Program Files\Eclipse Adoptium\jdk-11.0.23.9-hotspot\bin;C:\Program Files\Python311\Scripts\;C:\Program Files\Python311\;C:\Program Files\Common Files\Oracle\Java\javapath;C:\Windows\system32;C:\Windows;C:\Windows\System32\Wbem;C:\Windows\System32\WindowsPowerShell\v1.0\;C:\Windows\System32\OpenSSH\;C:\Program Files (x86)\NVIDIA Corporation\PhysX\Common;C:\Program Files\NVIDIA Corporation\NVIDIA NvDLISR;C:\Program Files\Git\cmd;C:\Program Files\dotnet\;C:\Program Files\WireGuard\;C:\Users\Igrix\AppData\Local\Programs\Microsoft VS Code\_\Code.exe;C:\Program Files\Docker\Docker\resources\bin;C:\Users\Igrix\AppData\Roaming\nvm;C:\Program Files\nodejs;C:\Program Files\nodejs\;C:\Program Files\PuTTY\;C:\Program Files\ripgrep-14.1.0-x86_64-pc-windows-msvc\rg.exe;C:\Users\Igrix\.cargo\bin;C:\Users\Igrix\scoop\shims;C:\Users\Igrix\AppData\Local\Microsoft\WindowsApps;C:\Users\Igrix\AppData\Local\Programs\Microsoft VS Code\bin;C:\Program Files\PostgreSQL\15\bin;C:\Program Files\PostgreSQL\15\lib;C:\Users\Igrix\AppData\Local\JetBrains\Toolbox\scripts;C:\Program Files\Eclipse Adoptium\jdk-11.0.23.9-hotspot\\bin;C:\ffmpeg\bin;C:\Program Files\JetBrains\RustRover 232.9921.46\bin;;C:\Program Files\JetBrains\IntelliJ IDEA 2023.2.3\bin;;C:\Users\Igrix\AppData\Local\Programs\IntelliJ IDEA Ultimate\plugins\maven\lib\maven3\bin;C:\Program Files\Neovim\bin;C:\Users\Igrix\AppData\Roaming\nvm;C:\Program Files\nodejs;C:\Users\Igrix\AppData\Roaming\npm;C:\Program Files\ripgrep-14.1.0-x86_64-pc-windows-msvc;C:\MinGW\bin;;C:\Users\Igrix\AppData\Roaming\Programs\Zero Install
USERNAME=Igrix
OS=Windows_NT
PROCESSOR_IDENTIFIER=Intel64 Family 6 Model 158 Stepping 10, GenuineIntel
TMP=C:\Users\Igrix\AppData\Local\Temp
TEMP=C:\Users\Igrix\AppData\Local\Temp



---------------  S Y S T E M  ---------------

OS:
 Windows 10 , 64 bit Build 19041 (10.0.19041.4717)
OS uptime: 13 days 23:52 hours
Hyper-V role detected

CPU: total 8 (initial active 8) (4 cores per cpu, 2 threads per core) family 6 model 158 stepping 10 microcode 0xf6, cx8, cmov, fxsr, ht, mmx, 3dnowpref, sse, sse2, sse3, ssse3, sse4.1, sse4.2, popcnt, lzcnt, tsc, tscinvbit, avx, avx2, aes, erms, clmul, bmi1, bmi2, adx, fma, vzeroupper, clflush, clflushopt, hv, rdtscp

Memory: 4k page, system-wide physical 16225M (1677M free)
TotalPageFile size 16225M (AvailPageFile size 5M)
current process WorkingSet (physical memory assigned to process): 54M, peak: 54M
current process commit charge ("private bytes"): 349M, peak: 349M

vm_info: Java HotSpot(TM) 64-Bit Server VM (19.0.1+10-21) for windows-amd64 JRE (19.0.1+10-21), built on 2022-09-14T12:45:06Z by "mach5one" with MS VC++ 17.1 (VS2022)

END.
