2024-06-13T18:18:03.093+03:00  INFO 3244 --- [main] r.a.A.AvitoAnalyticsBotApplication       : Starting AvitoAnalyticsBotApplication using Java 19.0.1 with PID 3244 (C:\Users\Igrix\Desktop\code\Projects\AvitoBot\AvitoAnalyticsBot\target\classes started by Igrix in C:\Users\Igrix\Desktop\code\Projects\AvitoBot\AvitoAnalyticsBot)
2024-06-13T18:18:03.101+03:00  INFO 3244 --- [main] r.a.A.AvitoAnalyticsBotApplication       : The following 1 profile is active: "prod"
2024-06-13T18:18:03.838+03:00  INFO 3244 --- [main] .s.d.r.c.RepositoryConfigurationDelegate : Bootstrapping Spring Data JPA repositories in DEFAULT mode.
2024-06-13T18:18:03.931+03:00  INFO 3244 --- [main] .s.d.r.c.RepositoryConfigurationDelegate : Finished Spring Data repository scanning in 86 ms. Found 4 JPA repository interfaces.
2024-06-13T18:18:04.476+03:00  INFO 3244 --- [main] o.s.b.w.embedded.tomcat.TomcatWebServer  : Tomcat initialized with port(s): 8080 (http)
2024-06-13T18:18:04.484+03:00  INFO 3244 --- [main] o.apache.catalina.core.StandardService   : Starting service [Tomcat]
2024-06-13T18:18:04.485+03:00  INFO 3244 --- [main] o.apache.catalina.core.StandardEngine    : Starting Servlet engine: [Apache Tomcat/10.1.13]
2024-06-13T18:18:04.582+03:00  INFO 3244 --- [main] o.a.c.c.C.[Tomcat].[localhost].[/]       : Initializing Spring embedded WebApplicationContext
2024-06-13T18:18:04.582+03:00  INFO 3244 --- [main] w.s.c.ServletWebServerApplicationContext : Root WebApplicationContext: initialization completed in 1404 ms
2024-06-13T18:18:04.744+03:00  INFO 3244 --- [main] o.f.c.internal.license.VersionPrinter    : Flyway Community Edition 9.16.3 by Redgate
2024-06-13T18:18:04.744+03:00  INFO 3244 --- [main] o.f.c.internal.license.VersionPrinter    : See release notes here: https://rd.gt/416ObMi
2024-06-13T18:18:04.744+03:00  INFO 3244 --- [main] o.f.c.internal.license.VersionPrinter    : 
2024-06-13T18:18:04.755+03:00  INFO 3244 --- [main] com.zaxxer.hikari.HikariDataSource       : HikariPool-1 - Starting...
2024-06-13T18:18:04.922+03:00  INFO 3244 --- [main] com.zaxxer.hikari.pool.HikariPool        : HikariPool-1 - Added connection org.postgresql.jdbc.PgConnection@349c4d1c
2024-06-13T18:18:04.924+03:00  INFO 3244 --- [main] com.zaxxer.hikari.HikariDataSource       : HikariPool-1 - Start completed.
2024-06-13T18:18:04.950+03:00  INFO 3244 --- [main] o.f.c.i.database.base.BaseDatabaseType   : Database: jdbc:postgresql://localhost:5432/AvitoAnalytics (PostgreSQL 15.2)
2024-06-13T18:18:05.043+03:00  INFO 3244 --- [main] o.f.core.internal.command.DbValidate     : Successfully validated 11 migrations (execution time 00:00.046s)
2024-06-13T18:18:05.081+03:00  INFO 3244 --- [main] o.f.core.internal.command.DbMigrate      : Current version of schema "public": 11
2024-06-13T18:18:05.081+03:00  INFO 3244 --- [main] o.f.core.internal.command.DbMigrate      : Schema "public" is up to date. No migration necessary.
2024-06-13T18:18:05.190+03:00  INFO 3244 --- [main] o.hibernate.jpa.internal.util.LogHelper  : HHH000204: Processing PersistenceUnitInfo [name: default]
2024-06-13T18:18:05.264+03:00  INFO 3244 --- [main] org.hibernate.Version                    : HHH000412: Hibernate ORM core version 6.2.9.Final
2024-06-13T18:18:05.267+03:00  INFO 3244 --- [main] org.hibernate.cfg.Environment            : HHH000406: Using bytecode reflection optimizer
2024-06-13T18:18:05.436+03:00  INFO 3244 --- [main] o.h.b.i.BytecodeProviderInitiator        : HHH000021: Bytecode provider name : bytebuddy
2024-06-13T18:18:05.582+03:00  INFO 3244 --- [main] o.s.o.j.p.SpringPersistenceUnitInfo      : No LoadTimeWeaver setup: ignoring JPA class transformer
2024-06-13T18:18:05.867+03:00  INFO 3244 --- [main] o.h.b.i.BytecodeProviderInitiator        : HHH000021: Bytecode provider name : bytebuddy
2024-06-13T18:18:06.541+03:00  INFO 3244 --- [main] o.h.e.t.j.p.i.JtaPlatformInitiator       : HHH000490: Using JtaPlatform implementation: [org.hibernate.engine.transaction.jta.platform.internal.NoJtaPlatform]
2024-06-13T18:18:06.544+03:00  INFO 3244 --- [main] j.LocalContainerEntityManagerFactoryBean : Initialized JPA EntityManagerFactory for persistence unit 'default'
2024-06-13T18:18:06.824+03:00  INFO 3244 --- [main] o.s.d.j.r.query.QueryEnhancerFactory     : Hibernate is in classpath; If applicable, HQL parser will be used.
2024-06-13T18:18:07.559+03:00  WARN 3244 --- [main] JpaBaseConfiguration$JpaWebConfiguration : spring.jpa.open-in-view is enabled by default. Therefore, database queries may be performed during view rendering. Explicitly configure spring.jpa.open-in-view to disable this warning
2024-06-13T18:18:07.893+03:00  INFO 3244 --- [main] o.s.b.w.embedded.tomcat.TomcatWebServer  : Tomcat started on port(s): 8080 (http) with context path ''
2024-06-13T18:18:09.696+03:00  INFO 3244 --- [main] r.a.A.configuration.Initializer          : Bot @AvitoAnalyticsBot was registered!
2024-06-13T18:18:09.697+03:00  INFO 3244 --- [main] r.a.A.AvitoAnalyticsBotApplication       : Started AvitoAnalyticsBotApplication in 7.045 seconds (process running for 7.976)
2024-06-13T18:19:08.230+03:00  INFO 3244 --- [SpringApplicationShutdownHook] j.LocalContainerEntityManagerFactoryBean : Closing JPA EntityManagerFactory for persistence unit 'default'
2024-06-13T18:19:08.232+03:00  INFO 3244 --- [SpringApplicationShutdownHook] com.zaxxer.hikari.HikariDataSource       : HikariPool-1 - Shutdown initiated...
2024-06-13T18:19:08.235+03:00  INFO 3244 --- [SpringApplicationShutdownHook] com.zaxxer.hikari.HikariDataSource       : HikariPool-1 - Shutdown completed.
